2017-07-05 19:53:37 Notice: Notice (8): Undefined variable: content_for_layout in [/home/hzhang3/public_html/src/Template/Layout/default.ctp, line 40]
Request URL: /
Client IP: 130.212.95.88
Trace:
Cake\Error\BaseErrorHandler::handleError() - CORE/src/Error/BaseErrorHandler.php, line 153
include - APP/Template/Layout/default.ctp, line 40
Cake\View\View::_evaluate() - CORE/src/View/View.php, line 1011
Cake\View\View::_render() - CORE/src/View/View.php, line 972
Cake\View\View::renderLayout() - CORE/src/View/View.php, line 643
Cake\View\View::render() - CORE/src/View/View.php, line 601
Cake\Controller\Controller::render() - CORE/src/Controller/Controller.php, line 623
Cake\Http\ActionDispatcher::_invoke() - CORE/src/Http/ActionDispatcher.php, line 125
Cake\Http\ActionDispatcher::dispatch() - CORE/src/Http/ActionDispatcher.php, line 93
Cake\Http\BaseApplication::__invoke() - CORE/src/Http/BaseApplication.php, line 78
Cake\Http\Runner::__invoke() - CORE/src/Http/Runner.php, line 65
Cake\Routing\Middleware\RoutingMiddleware::__invoke() - CORE/src/Routing/Middleware/RoutingMiddleware.php, line 59
Cake\Http\Runner::__invoke() - CORE/src/Http/Runner.php, line 65
Cake\Routing\Middleware\AssetMiddleware::__invoke() - CORE/src/Routing/Middleware/AssetMiddleware.php, line 88
Cake\Http\Runner::__invoke() - CORE/src/Http/Runner.php, line 65
Cake\Error\Middleware\ErrorHandlerMiddleware::__invoke() - CORE/src/Error/Middleware/ErrorHandlerMiddleware.php, line 92
Cake\Http\Runner::__invoke() - CORE/src/Http/Runner.php, line 65
Cake\Http\Runner::run() - CORE/src/Http/Runner.php, line 51
Cake\Http\Server::run() - CORE/src/Http/Server.php, line 80
[main] - ROOT/webroot/index.php, line 37



2017-07-05 19:54:45 Notice: Notice (8): Undefined variable: content_for_layout in [/home/hzhang3/public_html/src/Template/Layout/default.ctp, line 40]
Request URL: /
Client IP: 130.212.95.88
Trace:
Cake\Error\BaseErrorHandler::handleError() - CORE/src/Error/BaseErrorHandler.php, line 153
include - APP/Template/Layout/default.ctp, line 40
Cake\View\View::_evaluate() - CORE/src/View/View.php, line 1011
Cake\View\View::_render() - CORE/src/View/View.php, line 972
Cake\View\View::renderLayout() - CORE/src/View/View.php, line 643
Cake\View\View::render() - CORE/src/View/View.php, line 601
Cake\Controller\Controller::render() - CORE/src/Controller/Controller.php, line 623
Cake\Http\ActionDispatcher::_invoke() - CORE/src/Http/ActionDispatcher.php, line 125
Cake\Http\ActionDispatcher::dispatch() - CORE/src/Http/ActionDispatcher.php, line 93
Cake\Http\BaseApplication::__invoke() - CORE/src/Http/BaseApplication.php, line 78
Cake\Http\Runner::__invoke() - CORE/src/Http/Runner.php, line 65
Cake\Routing\Middleware\RoutingMiddleware::__invoke() - CORE/src/Routing/Middleware/RoutingMiddleware.php, line 59
Cake\Http\Runner::__invoke() - CORE/src/Http/Runner.php, line 65
Cake\Routing\Middleware\AssetMiddleware::__invoke() - CORE/src/Routing/Middleware/AssetMiddleware.php, line 88
Cake\Http\Runner::__invoke() - CORE/src/Http/Runner.php, line 65
Cake\Error\Middleware\ErrorHandlerMiddleware::__invoke() - CORE/src/Error/Middleware/ErrorHandlerMiddleware.php, line 92
Cake\Http\Runner::__invoke() - CORE/src/Http/Runner.php, line 65
Cake\Http\Runner::run() - CORE/src/Http/Runner.php, line 51
Cake\Http\Server::run() - CORE/src/Http/Server.php, line 80
[main] - ROOT/webroot/index.php, line 37



2017-07-05 20:09:30 Notice: Notice (8): Undefined variable: content_for_layout in [/home/hzhang3/public_html/src/Template/Layout/default.ctp, line 40]
Request URL: /
Client IP: 130.212.95.88
Trace:
Cake\Error\BaseErrorHandler::handleError() - CORE/src/Error/BaseErrorHandler.php, line 153
include - APP/Template/Layout/default.ctp, line 40
Cake\View\View::_evaluate() - CORE/src/View/View.php, line 1011
Cake\View\View::_render() - CORE/src/View/View.php, line 972
Cake\View\View::renderLayout() - CORE/src/View/View.php, line 643
Cake\View\View::render() - CORE/src/View/View.php, line 601
Cake\Controller\Controller::render() - CORE/src/Controller/Controller.php, line 623
Cake\Http\ActionDispatcher::_invoke() - CORE/src/Http/ActionDispatcher.php, line 125
Cake\Http\ActionDispatcher::dispatch() - CORE/src/Http/ActionDispatcher.php, line 93
Cake\Http\BaseApplication::__invoke() - CORE/src/Http/BaseApplication.php, line 78
Cake\Http\Runner::__invoke() - CORE/src/Http/Runner.php, line 65
Cake\Routing\Middleware\RoutingMiddleware::__invoke() - CORE/src/Routing/Middleware/RoutingMiddleware.php, line 59
Cake\Http\Runner::__invoke() - CORE/src/Http/Runner.php, line 65
Cake\Routing\Middleware\AssetMiddleware::__invoke() - CORE/src/Routing/Middleware/AssetMiddleware.php, line 88
Cake\Http\Runner::__invoke() - CORE/src/Http/Runner.php, line 65
Cake\Error\Middleware\ErrorHandlerMiddleware::__invoke() - CORE/src/Error/Middleware/ErrorHandlerMiddleware.php, line 92
Cake\Http\Runner::__invoke() - CORE/src/Http/Runner.php, line 65
Cake\Http\Runner::run() - CORE/src/Http/Runner.php, line 51
Cake\Http\Server::run() - CORE/src/Http/Server.php, line 80
[main] - ROOT/webroot/index.php, line 37



2017-07-05 20:11:17 Notice: Notice (8): Undefined variable: content_for_layout in [/home/hzhang3/public_html/src/Template/Layout/default.ctp, line 40]
Request URL: /
Client IP: 130.212.95.88
Trace:
Cake\Error\BaseErrorHandler::handleError() - CORE/src/Error/BaseErrorHandler.php, line 153
include - APP/Template/Layout/default.ctp, line 40
Cake\View\View::_evaluate() - CORE/src/View/View.php, line 1011
Cake\View\View::_render() - CORE/src/View/View.php, line 972
Cake\View\View::renderLayout() - CORE/src/View/View.php, line 643
Cake\View\View::render() - CORE/src/View/View.php, line 601
Cake\Controller\Controller::render() - CORE/src/Controller/Controller.php, line 623
Cake\Http\ActionDispatcher::_invoke() - CORE/src/Http/ActionDispatcher.php, line 125
Cake\Http\ActionDispatcher::dispatch() - CORE/src/Http/ActionDispatcher.php, line 93
Cake\Http\BaseApplication::__invoke() - CORE/src/Http/BaseApplication.php, line 78
Cake\Http\Runner::__invoke() - CORE/src/Http/Runner.php, line 65
Cake\Routing\Middleware\RoutingMiddleware::__invoke() - CORE/src/Routing/Middleware/RoutingMiddleware.php, line 59
Cake\Http\Runner::__invoke() - CORE/src/Http/Runner.php, line 65
Cake\Routing\Middleware\AssetMiddleware::__invoke() - CORE/src/Routing/Middleware/AssetMiddleware.php, line 88
Cake\Http\Runner::__invoke() - CORE/src/Http/Runner.php, line 65
Cake\Error\Middleware\ErrorHandlerMiddleware::__invoke() - CORE/src/Error/Middleware/ErrorHandlerMiddleware.php, line 92
Cake\Http\Runner::__invoke() - CORE/src/Http/Runner.php, line 65
Cake\Http\Runner::run() - CORE/src/Http/Runner.php, line 51
Cake\Http\Server::run() - CORE/src/Http/Server.php, line 80
[main] - ROOT/webroot/index.php, line 37



2017-07-05 20:12:53 Notice: Notice (8): Undefined variable: content_for_layout in [/home/hzhang3/public_html/src/Template/Layout/default.ctp, line 41]
Request URL: /
Client IP: 130.212.95.88
Trace:
Cake\Error\BaseErrorHandler::handleError() - CORE/src/Error/BaseErrorHandler.php, line 153
include - APP/Template/Layout/default.ctp, line 41
Cake\View\View::_evaluate() - CORE/src/View/View.php, line 1011
Cake\View\View::_render() - CORE/src/View/View.php, line 972
Cake\View\View::renderLayout() - CORE/src/View/View.php, line 643
Cake\View\View::render() - CORE/src/View/View.php, line 601
Cake\Controller\Controller::render() - CORE/src/Controller/Controller.php, line 623
Cake\Http\ActionDispatcher::_invoke() - CORE/src/Http/ActionDispatcher.php, line 125
Cake\Http\ActionDispatcher::dispatch() - CORE/src/Http/ActionDispatcher.php, line 93
Cake\Http\BaseApplication::__invoke() - CORE/src/Http/BaseApplication.php, line 78
Cake\Http\Runner::__invoke() - CORE/src/Http/Runner.php, line 65
Cake\Routing\Middleware\RoutingMiddleware::__invoke() - CORE/src/Routing/Middleware/RoutingMiddleware.php, line 59
Cake\Http\Runner::__invoke() - CORE/src/Http/Runner.php, line 65
Cake\Routing\Middleware\AssetMiddleware::__invoke() - CORE/src/Routing/Middleware/AssetMiddleware.php, line 88
Cake\Http\Runner::__invoke() - CORE/src/Http/Runner.php, line 65
Cake\Error\Middleware\ErrorHandlerMiddleware::__invoke() - CORE/src/Error/Middleware/ErrorHandlerMiddleware.php, line 92
Cake\Http\Runner::__invoke() - CORE/src/Http/Runner.php, line 65
Cake\Http\Runner::run() - CORE/src/Http/Runner.php, line 51
Cake\Http\Server::run() - CORE/src/Http/Server.php, line 80
[main] - ROOT/webroot/index.php, line 37



2017-07-05 20:13:05 Notice: Notice (8): Undefined variable: content_for_layout in [/home/hzhang3/public_html/src/Template/Layout/default.ctp, line 40]
Request URL: /
Client IP: 130.212.95.88
Trace:
Cake\Error\BaseErrorHandler::handleError() - CORE/src/Error/BaseErrorHandler.php, line 153
include - APP/Template/Layout/default.ctp, line 40
Cake\View\View::_evaluate() - CORE/src/View/View.php, line 1011
Cake\View\View::_render() - CORE/src/View/View.php, line 972
Cake\View\View::renderLayout() - CORE/src/View/View.php, line 643
Cake\View\View::render() - CORE/src/View/View.php, line 601
Cake\Controller\Controller::render() - CORE/src/Controller/Controller.php, line 623
Cake\Http\ActionDispatcher::_invoke() - CORE/src/Http/ActionDispatcher.php, line 125
Cake\Http\ActionDispatcher::dispatch() - CORE/src/Http/ActionDispatcher.php, line 93
Cake\Http\BaseApplication::__invoke() - CORE/src/Http/BaseApplication.php, line 78
Cake\Http\Runner::__invoke() - CORE/src/Http/Runner.php, line 65
Cake\Routing\Middleware\RoutingMiddleware::__invoke() - CORE/src/Routing/Middleware/RoutingMiddleware.php, line 59
Cake\Http\Runner::__invoke() - CORE/src/Http/Runner.php, line 65
Cake\Routing\Middleware\AssetMiddleware::__invoke() - CORE/src/Routing/Middleware/AssetMiddleware.php, line 88
Cake\Http\Runner::__invoke() - CORE/src/Http/Runner.php, line 65
Cake\Error\Middleware\ErrorHandlerMiddleware::__invoke() - CORE/src/Error/Middleware/ErrorHandlerMiddleware.php, line 92
Cake\Http\Runner::__invoke() - CORE/src/Http/Runner.php, line 65
Cake\Http\Runner::run() - CORE/src/Http/Runner.php, line 51
Cake\Http\Server::run() - CORE/src/Http/Server.php, line 80
[main] - ROOT/webroot/index.php, line 37



2017-07-05 20:13:49 Notice: Notice (8): Undefined variable: content_for_layout in [/home/hzhang3/public_html/src/Template/Layout/default.ctp, line 40]
Request URL: /
Client IP: 130.212.95.88
Trace:
Cake\Error\BaseErrorHandler::handleError() - CORE/src/Error/BaseErrorHandler.php, line 153
include - APP/Template/Layout/default.ctp, line 40
Cake\View\View::_evaluate() - CORE/src/View/View.php, line 1011
Cake\View\View::_render() - CORE/src/View/View.php, line 972
Cake\View\View::renderLayout() - CORE/src/View/View.php, line 643
Cake\View\View::render() - CORE/src/View/View.php, line 601
Cake\Controller\Controller::render() - CORE/src/Controller/Controller.php, line 623
Cake\Http\ActionDispatcher::_invoke() - CORE/src/Http/ActionDispatcher.php, line 125
Cake\Http\ActionDispatcher::dispatch() - CORE/src/Http/ActionDispatcher.php, line 93
Cake\Http\BaseApplication::__invoke() - CORE/src/Http/BaseApplication.php, line 78
Cake\Http\Runner::__invoke() - CORE/src/Http/Runner.php, line 65
Cake\Routing\Middleware\RoutingMiddleware::__invoke() - CORE/src/Routing/Middleware/RoutingMiddleware.php, line 59
Cake\Http\Runner::__invoke() - CORE/src/Http/Runner.php, line 65
Cake\Routing\Middleware\AssetMiddleware::__invoke() - CORE/src/Routing/Middleware/AssetMiddleware.php, line 88
Cake\Http\Runner::__invoke() - CORE/src/Http/Runner.php, line 65
Cake\Error\Middleware\ErrorHandlerMiddleware::__invoke() - CORE/src/Error/Middleware/ErrorHandlerMiddleware.php, line 92
Cake\Http\Runner::__invoke() - CORE/src/Http/Runner.php, line 65
Cake\Http\Runner::run() - CORE/src/Http/Runner.php, line 51
Cake\Http\Server::run() - CORE/src/Http/Server.php, line 80
[main] - ROOT/webroot/index.php, line 37



2017-07-05 20:17:29 Notice: Notice (8): Undefined variable: content_for_layout in [/home/hzhang3/public_html/src/Template/Layout/default.ctp, line 40]
Request URL: /
Client IP: 130.212.95.88
Trace:
Cake\Error\BaseErrorHandler::handleError() - CORE/src/Error/BaseErrorHandler.php, line 153
include - APP/Template/Layout/default.ctp, line 40
Cake\View\View::_evaluate() - CORE/src/View/View.php, line 1011
Cake\View\View::_render() - CORE/src/View/View.php, line 972
Cake\View\View::renderLayout() - CORE/src/View/View.php, line 643
Cake\View\View::render() - CORE/src/View/View.php, line 601
Cake\Controller\Controller::render() - CORE/src/Controller/Controller.php, line 623
Cake\Http\ActionDispatcher::_invoke() - CORE/src/Http/ActionDispatcher.php, line 125
Cake\Http\ActionDispatcher::dispatch() - CORE/src/Http/ActionDispatcher.php, line 93
Cake\Http\BaseApplication::__invoke() - CORE/src/Http/BaseApplication.php, line 78
Cake\Http\Runner::__invoke() - CORE/src/Http/Runner.php, line 65
Cake\Routing\Middleware\RoutingMiddleware::__invoke() - CORE/src/Routing/Middleware/RoutingMiddleware.php, line 59
Cake\Http\Runner::__invoke() - CORE/src/Http/Runner.php, line 65
Cake\Routing\Middleware\AssetMiddleware::__invoke() - CORE/src/Routing/Middleware/AssetMiddleware.php, line 88
Cake\Http\Runner::__invoke() - CORE/src/Http/Runner.php, line 65
Cake\Error\Middleware\ErrorHandlerMiddleware::__invoke() - CORE/src/Error/Middleware/ErrorHandlerMiddleware.php, line 92
Cake\Http\Runner::__invoke() - CORE/src/Http/Runner.php, line 65
Cake\Http\Runner::run() - CORE/src/Http/Runner.php, line 51
Cake\Http\Server::run() - CORE/src/Http/Server.php, line 80
[main] - ROOT/webroot/index.php, line 37



2017-07-05 20:17:45 Notice: Notice (8): Undefined variable: content_for_layout in [/home/hzhang3/public_html/src/Template/Layout/default.ctp, line 39]
Request URL: /
Client IP: 130.212.95.88
Trace:
Cake\Error\BaseErrorHandler::handleError() - CORE/src/Error/BaseErrorHandler.php, line 153
include - APP/Template/Layout/default.ctp, line 39
Cake\View\View::_evaluate() - CORE/src/View/View.php, line 1011
Cake\View\View::_render() - CORE/src/View/View.php, line 972
Cake\View\View::renderLayout() - CORE/src/View/View.php, line 643
Cake\View\View::render() - CORE/src/View/View.php, line 601
Cake\Controller\Controller::render() - CORE/src/Controller/Controller.php, line 623
Cake\Http\ActionDispatcher::_invoke() - CORE/src/Http/ActionDispatcher.php, line 125
Cake\Http\ActionDispatcher::dispatch() - CORE/src/Http/ActionDispatcher.php, line 93
Cake\Http\BaseApplication::__invoke() - CORE/src/Http/BaseApplication.php, line 78
Cake\Http\Runner::__invoke() - CORE/src/Http/Runner.php, line 65
Cake\Routing\Middleware\RoutingMiddleware::__invoke() - CORE/src/Routing/Middleware/RoutingMiddleware.php, line 59
Cake\Http\Runner::__invoke() - CORE/src/Http/Runner.php, line 65
Cake\Routing\Middleware\AssetMiddleware::__invoke() - CORE/src/Routing/Middleware/AssetMiddleware.php, line 88
Cake\Http\Runner::__invoke() - CORE/src/Http/Runner.php, line 65
Cake\Error\Middleware\ErrorHandlerMiddleware::__invoke() - CORE/src/Error/Middleware/ErrorHandlerMiddleware.php, line 92
Cake\Http\Runner::__invoke() - CORE/src/Http/Runner.php, line 65
Cake\Http\Runner::run() - CORE/src/Http/Runner.php, line 51
Cake\Http\Server::run() - CORE/src/Http/Server.php, line 80
[main] - ROOT/webroot/index.php, line 37



2017-07-05 20:19:19 Notice: Notice (8): Undefined variable: content_for_layout in [/home/hzhang3/public_html/src/Template/Layout/default.ctp, line 39]
Request URL: /
Client IP: 130.212.95.88
Trace:
Cake\Error\BaseErrorHandler::handleError() - CORE/src/Error/BaseErrorHandler.php, line 153
include - APP/Template/Layout/default.ctp, line 39
Cake\View\View::_evaluate() - CORE/src/View/View.php, line 1011
Cake\View\View::_render() - CORE/src/View/View.php, line 972
Cake\View\View::renderLayout() - CORE/src/View/View.php, line 643
Cake\View\View::render() - CORE/src/View/View.php, line 601
Cake\Controller\Controller::render() - CORE/src/Controller/Controller.php, line 623
Cake\Http\ActionDispatcher::_invoke() - CORE/src/Http/ActionDispatcher.php, line 125
Cake\Http\ActionDispatcher::dispatch() - CORE/src/Http/ActionDispatcher.php, line 93
Cake\Http\BaseApplication::__invoke() - CORE/src/Http/BaseApplication.php, line 78
Cake\Http\Runner::__invoke() - CORE/src/Http/Runner.php, line 65
Cake\Routing\Middleware\RoutingMiddleware::__invoke() - CORE/src/Routing/Middleware/RoutingMiddleware.php, line 59
Cake\Http\Runner::__invoke() - CORE/src/Http/Runner.php, line 65
Cake\Routing\Middleware\AssetMiddleware::__invoke() - CORE/src/Routing/Middleware/AssetMiddleware.php, line 88
Cake\Http\Runner::__invoke() - CORE/src/Http/Runner.php, line 65
Cake\Error\Middleware\ErrorHandlerMiddleware::__invoke() - CORE/src/Error/Middleware/ErrorHandlerMiddleware.php, line 92
Cake\Http\Runner::__invoke() - CORE/src/Http/Runner.php, line 65
Cake\Http\Runner::run() - CORE/src/Http/Runner.php, line 51
Cake\Http\Server::run() - CORE/src/Http/Server.php, line 80
[main] - ROOT/webroot/index.php, line 37



2017-07-05 20:23:27 Notice: Notice (8): Undefined variable: content_for_layout in [/home/hzhang3/public_html/src/Template/Layout/default.ctp, line 39]
Request URL: /
Client IP: 130.212.95.88
Trace:
Cake\Error\BaseErrorHandler::handleError() - CORE/src/Error/BaseErrorHandler.php, line 153
include - APP/Template/Layout/default.ctp, line 39
Cake\View\View::_evaluate() - CORE/src/View/View.php, line 1011
Cake\View\View::_render() - CORE/src/View/View.php, line 972
Cake\View\View::renderLayout() - CORE/src/View/View.php, line 643
Cake\View\View::render() - CORE/src/View/View.php, line 601
Cake\Controller\Controller::render() - CORE/src/Controller/Controller.php, line 623
Cake\Http\ActionDispatcher::_invoke() - CORE/src/Http/ActionDispatcher.php, line 125
Cake\Http\ActionDispatcher::dispatch() - CORE/src/Http/ActionDispatcher.php, line 93
Cake\Http\BaseApplication::__invoke() - CORE/src/Http/BaseApplication.php, line 78
Cake\Http\Runner::__invoke() - CORE/src/Http/Runner.php, line 65
Cake\Routing\Middleware\RoutingMiddleware::__invoke() - CORE/src/Routing/Middleware/RoutingMiddleware.php, line 59
Cake\Http\Runner::__invoke() - CORE/src/Http/Runner.php, line 65
Cake\Routing\Middleware\AssetMiddleware::__invoke() - CORE/src/Routing/Middleware/AssetMiddleware.php, line 88
Cake\Http\Runner::__invoke() - CORE/src/Http/Runner.php, line 65
Cake\Error\Middleware\ErrorHandlerMiddleware::__invoke() - CORE/src/Error/Middleware/ErrorHandlerMiddleware.php, line 92
Cake\Http\Runner::__invoke() - CORE/src/Http/Runner.php, line 65
Cake\Http\Runner::run() - CORE/src/Http/Runner.php, line 51
Cake\Http\Server::run() - CORE/src/Http/Server.php, line 80
[main] - ROOT/webroot/index.php, line 37



2017-07-05 20:24:37 Notice: Notice (8): Undefined variable: content_for_layout in [/home/hzhang3/public_html/src/Template/Layout/default.ctp, line 39]
Request URL: /
Client IP: 130.212.95.88
Trace:
Cake\Error\BaseErrorHandler::handleError() - CORE/src/Error/BaseErrorHandler.php, line 153
include - APP/Template/Layout/default.ctp, line 39
Cake\View\View::_evaluate() - CORE/src/View/View.php, line 1011
Cake\View\View::_render() - CORE/src/View/View.php, line 972
Cake\View\View::renderLayout() - CORE/src/View/View.php, line 643
Cake\View\View::render() - CORE/src/View/View.php, line 601
Cake\Controller\Controller::render() - CORE/src/Controller/Controller.php, line 623
Cake\Http\ActionDispatcher::_invoke() - CORE/src/Http/ActionDispatcher.php, line 125
Cake\Http\ActionDispatcher::dispatch() - CORE/src/Http/ActionDispatcher.php, line 93
Cake\Http\BaseApplication::__invoke() - CORE/src/Http/BaseApplication.php, line 78
Cake\Http\Runner::__invoke() - CORE/src/Http/Runner.php, line 65
Cake\Routing\Middleware\RoutingMiddleware::__invoke() - CORE/src/Routing/Middleware/RoutingMiddleware.php, line 59
Cake\Http\Runner::__invoke() - CORE/src/Http/Runner.php, line 65
Cake\Routing\Middleware\AssetMiddleware::__invoke() - CORE/src/Routing/Middleware/AssetMiddleware.php, line 88
Cake\Http\Runner::__invoke() - CORE/src/Http/Runner.php, line 65
Cake\Error\Middleware\ErrorHandlerMiddleware::__invoke() - CORE/src/Error/Middleware/ErrorHandlerMiddleware.php, line 92
Cake\Http\Runner::__invoke() - CORE/src/Http/Runner.php, line 65
Cake\Http\Runner::run() - CORE/src/Http/Runner.php, line 51
Cake\Http\Server::run() - CORE/src/Http/Server.php, line 80
[main] - ROOT/webroot/index.php, line 37



2017-07-05 20:26:40 Notice: Notice (8): Undefined variable: content_for_layout in [/home/hzhang3/public_html/src/Template/Layout/default.ctp, line 39]
Request URL: /
Client IP: 130.212.95.88
Trace:
Cake\Error\BaseErrorHandler::handleError() - CORE/src/Error/BaseErrorHandler.php, line 153
include - APP/Template/Layout/default.ctp, line 39
Cake\View\View::_evaluate() - CORE/src/View/View.php, line 1011
Cake\View\View::_render() - CORE/src/View/View.php, line 972
Cake\View\View::renderLayout() - CORE/src/View/View.php, line 643
Cake\View\View::render() - CORE/src/View/View.php, line 601
Cake\Controller\Controller::render() - CORE/src/Controller/Controller.php, line 623
Cake\Http\ActionDispatcher::_invoke() - CORE/src/Http/ActionDispatcher.php, line 125
Cake\Http\ActionDispatcher::dispatch() - CORE/src/Http/ActionDispatcher.php, line 93
Cake\Http\BaseApplication::__invoke() - CORE/src/Http/BaseApplication.php, line 78
Cake\Http\Runner::__invoke() - CORE/src/Http/Runner.php, line 65
Cake\Routing\Middleware\RoutingMiddleware::__invoke() - CORE/src/Routing/Middleware/RoutingMiddleware.php, line 59
Cake\Http\Runner::__invoke() - CORE/src/Http/Runner.php, line 65
Cake\Routing\Middleware\AssetMiddleware::__invoke() - CORE/src/Routing/Middleware/AssetMiddleware.php, line 88
Cake\Http\Runner::__invoke() - CORE/src/Http/Runner.php, line 65
Cake\Error\Middleware\ErrorHandlerMiddleware::__invoke() - CORE/src/Error/Middleware/ErrorHandlerMiddleware.php, line 92
Cake\Http\Runner::__invoke() - CORE/src/Http/Runner.php, line 65
Cake\Http\Runner::run() - CORE/src/Http/Runner.php, line 51
Cake\Http\Server::run() - CORE/src/Http/Server.php, line 80
[main] - ROOT/webroot/index.php, line 37



2017-07-05 20:27:07 Notice: Notice (8): Undefined variable: content_for_layout in [/home/hzhang3/public_html/src/Template/Layout/default.ctp, line 39]
Request URL: /
Client IP: 130.212.95.88
Trace:
Cake\Error\BaseErrorHandler::handleError() - CORE/src/Error/BaseErrorHandler.php, line 153
include - APP/Template/Layout/default.ctp, line 39
Cake\View\View::_evaluate() - CORE/src/View/View.php, line 1011
Cake\View\View::_render() - CORE/src/View/View.php, line 972
Cake\View\View::renderLayout() - CORE/src/View/View.php, line 643
Cake\View\View::render() - CORE/src/View/View.php, line 601
Cake\Controller\Controller::render() - CORE/src/Controller/Controller.php, line 623
Cake\Http\ActionDispatcher::_invoke() - CORE/src/Http/ActionDispatcher.php, line 125
Cake\Http\ActionDispatcher::dispatch() - CORE/src/Http/ActionDispatcher.php, line 93
Cake\Http\BaseApplication::__invoke() - CORE/src/Http/BaseApplication.php, line 78
Cake\Http\Runner::__invoke() - CORE/src/Http/Runner.php, line 65
Cake\Routing\Middleware\RoutingMiddleware::__invoke() - CORE/src/Routing/Middleware/RoutingMiddleware.php, line 59
Cake\Http\Runner::__invoke() - CORE/src/Http/Runner.php, line 65
Cake\Routing\Middleware\AssetMiddleware::__invoke() - CORE/src/Routing/Middleware/AssetMiddleware.php, line 88
Cake\Http\Runner::__invoke() - CORE/src/Http/Runner.php, line 65
Cake\Error\Middleware\ErrorHandlerMiddleware::__invoke() - CORE/src/Error/Middleware/ErrorHandlerMiddleware.php, line 92
Cake\Http\Runner::__invoke() - CORE/src/Http/Runner.php, line 65
Cake\Http\Runner::run() - CORE/src/Http/Runner.php, line 51
Cake\Http\Server::run() - CORE/src/Http/Server.php, line 80
[main] - ROOT/webroot/index.php, line 37



2017-07-05 20:30:44 Notice: Notice (8): Undefined variable: content_for_layout in [/home/hzhang3/public_html/src/Template/Layout/default.ctp, line 39]
Request URL: /
Client IP: 130.212.95.88
Trace:
Cake\Error\BaseErrorHandler::handleError() - CORE/src/Error/BaseErrorHandler.php, line 153
include - APP/Template/Layout/default.ctp, line 39
Cake\View\View::_evaluate() - CORE/src/View/View.php, line 1011
Cake\View\View::_render() - CORE/src/View/View.php, line 972
Cake\View\View::renderLayout() - CORE/src/View/View.php, line 643
Cake\View\View::render() - CORE/src/View/View.php, line 601
Cake\Controller\Controller::render() - CORE/src/Controller/Controller.php, line 623
Cake\Http\ActionDispatcher::_invoke() - CORE/src/Http/ActionDispatcher.php, line 125
Cake\Http\ActionDispatcher::dispatch() - CORE/src/Http/ActionDispatcher.php, line 93
Cake\Http\BaseApplication::__invoke() - CORE/src/Http/BaseApplication.php, line 78
Cake\Http\Runner::__invoke() - CORE/src/Http/Runner.php, line 65
Cake\Routing\Middleware\RoutingMiddleware::__invoke() - CORE/src/Routing/Middleware/RoutingMiddleware.php, line 59
Cake\Http\Runner::__invoke() - CORE/src/Http/Runner.php, line 65
Cake\Routing\Middleware\AssetMiddleware::__invoke() - CORE/src/Routing/Middleware/AssetMiddleware.php, line 88
Cake\Http\Runner::__invoke() - CORE/src/Http/Runner.php, line 65
Cake\Error\Middleware\ErrorHandlerMiddleware::__invoke() - CORE/src/Error/Middleware/ErrorHandlerMiddleware.php, line 92
Cake\Http\Runner::__invoke() - CORE/src/Http/Runner.php, line 65
Cake\Http\Runner::run() - CORE/src/Http/Runner.php, line 51
Cake\Http\Server::run() - CORE/src/Http/Server.php, line 80
[main] - ROOT/webroot/index.php, line 37



2017-07-05 20:30:46 Notice: Notice (8): Undefined variable: content_for_layout in [/home/hzhang3/public_html/src/Template/Layout/default.ctp, line 39]
Request URL: /about/index
Referer URL: http://sfsuse.com/~hzhang3/index.php
Client IP: 130.212.95.88
Trace:
Cake\Error\BaseErrorHandler::handleError() - CORE/src/Error/BaseErrorHandler.php, line 153
include - APP/Template/Layout/default.ctp, line 39
Cake\View\View::_evaluate() - CORE/src/View/View.php, line 1011
Cake\View\View::_render() - CORE/src/View/View.php, line 972
Cake\View\View::renderLayout() - CORE/src/View/View.php, line 643
Cake\View\View::render() - CORE/src/View/View.php, line 601
Cake\Controller\Controller::render() - CORE/src/Controller/Controller.php, line 623
Cake\Http\ActionDispatcher::_invoke() - CORE/src/Http/ActionDispatcher.php, line 125
Cake\Http\ActionDispatcher::dispatch() - CORE/src/Http/ActionDispatcher.php, line 93
Cake\Http\BaseApplication::__invoke() - CORE/src/Http/BaseApplication.php, line 78
Cake\Http\Runner::__invoke() - CORE/src/Http/Runner.php, line 65
Cake\Routing\Middleware\RoutingMiddleware::__invoke() - CORE/src/Routing/Middleware/RoutingMiddleware.php, line 59
Cake\Http\Runner::__invoke() - CORE/src/Http/Runner.php, line 65
Cake\Routing\Middleware\AssetMiddleware::__invoke() - CORE/src/Routing/Middleware/AssetMiddleware.php, line 88
Cake\Http\Runner::__invoke() - CORE/src/Http/Runner.php, line 65
Cake\Error\Middleware\ErrorHandlerMiddleware::__invoke() - CORE/src/Error/Middleware/ErrorHandlerMiddleware.php, line 92
Cake\Http\Runner::__invoke() - CORE/src/Http/Runner.php, line 65
Cake\Http\Runner::run() - CORE/src/Http/Runner.php, line 51
Cake\Http\Server::run() - CORE/src/Http/Server.php, line 80
[main] - ROOT/webroot/index.php, line 37



2017-07-05 20:30:48 Notice: Notice (8): Undefined variable: content_for_layout in [/home/hzhang3/public_html/src/Template/Layout/default.ctp, line 39]
Request URL: /about/index
Referer URL: http://sfsuse.com/~hzhang3/about/index
Client IP: 130.212.95.88
Trace:
Cake\Error\BaseErrorHandler::handleError() - CORE/src/Error/BaseErrorHandler.php, line 153
include - APP/Template/Layout/default.ctp, line 39
Cake\View\View::_evaluate() - CORE/src/View/View.php, line 1011
Cake\View\View::_render() - CORE/src/View/View.php, line 972
Cake\View\View::renderLayout() - CORE/src/View/View.php, line 643
Cake\View\View::render() - CORE/src/View/View.php, line 601
Cake\Controller\Controller::render() - CORE/src/Controller/Controller.php, line 623
Cake\Http\ActionDispatcher::_invoke() - CORE/src/Http/ActionDispatcher.php, line 125
Cake\Http\ActionDispatcher::dispatch() - CORE/src/Http/ActionDispatcher.php, line 93
Cake\Http\BaseApplication::__invoke() - CORE/src/Http/BaseApplication.php, line 78
Cake\Http\Runner::__invoke() - CORE/src/Http/Runner.php, line 65
Cake\Routing\Middleware\RoutingMiddleware::__invoke() - CORE/src/Routing/Middleware/RoutingMiddleware.php, line 59
Cake\Http\Runner::__invoke() - CORE/src/Http/Runner.php, line 65
Cake\Routing\Middleware\AssetMiddleware::__invoke() - CORE/src/Routing/Middleware/AssetMiddleware.php, line 88
Cake\Http\Runner::__invoke() - CORE/src/Http/Runner.php, line 65
Cake\Error\Middleware\ErrorHandlerMiddleware::__invoke() - CORE/src/Error/Middleware/ErrorHandlerMiddleware.php, line 92
Cake\Http\Runner::__invoke() - CORE/src/Http/Runner.php, line 65
Cake\Http\Runner::run() - CORE/src/Http/Runner.php, line 51
Cake\Http\Server::run() - CORE/src/Http/Server.php, line 80
[main] - ROOT/webroot/index.php, line 37



2017-07-05 20:30:49 Notice: Notice (8): Undefined variable: content_for_layout in [/home/hzhang3/public_html/src/Template/Layout/default.ctp, line 39]
Request URL: /about/index
Referer URL: http://sfsuse.com/~hzhang3/about/index
Client IP: 130.212.95.88
Trace:
Cake\Error\BaseErrorHandler::handleError() - CORE/src/Error/BaseErrorHandler.php, line 153
include - APP/Template/Layout/default.ctp, line 39
Cake\View\View::_evaluate() - CORE/src/View/View.php, line 1011
Cake\View\View::_render() - CORE/src/View/View.php, line 972
Cake\View\View::renderLayout() - CORE/src/View/View.php, line 643
Cake\View\View::render() - CORE/src/View/View.php, line 601
Cake\Controller\Controller::render() - CORE/src/Controller/Controller.php, line 623
Cake\Http\ActionDispatcher::_invoke() - CORE/src/Http/ActionDispatcher.php, line 125
Cake\Http\ActionDispatcher::dispatch() - CORE/src/Http/ActionDispatcher.php, line 93
Cake\Http\BaseApplication::__invoke() - CORE/src/Http/BaseApplication.php, line 78
Cake\Http\Runner::__invoke() - CORE/src/Http/Runner.php, line 65
Cake\Routing\Middleware\RoutingMiddleware::__invoke() - CORE/src/Routing/Middleware/RoutingMiddleware.php, line 59
Cake\Http\Runner::__invoke() - CORE/src/Http/Runner.php, line 65
Cake\Routing\Middleware\AssetMiddleware::__invoke() - CORE/src/Routing/Middleware/AssetMiddleware.php, line 88
Cake\Http\Runner::__invoke() - CORE/src/Http/Runner.php, line 65
Cake\Error\Middleware\ErrorHandlerMiddleware::__invoke() - CORE/src/Error/Middleware/ErrorHandlerMiddleware.php, line 92
Cake\Http\Runner::__invoke() - CORE/src/Http/Runner.php, line 65
Cake\Http\Runner::run() - CORE/src/Http/Runner.php, line 51
Cake\Http\Server::run() - CORE/src/Http/Server.php, line 80
[main] - ROOT/webroot/index.php, line 37



2017-07-05 20:30:50 Notice: Notice (8): Undefined variable: content_for_layout in [/home/hzhang3/public_html/src/Template/Layout/default.ctp, line 39]
Request URL: /about/index
Referer URL: http://sfsuse.com/~hzhang3/about/index
Client IP: 130.212.95.88
Trace:
Cake\Error\BaseErrorHandler::handleError() - CORE/src/Error/BaseErrorHandler.php, line 153
include - APP/Template/Layout/default.ctp, line 39
Cake\View\View::_evaluate() - CORE/src/View/View.php, line 1011
Cake\View\View::_render() - CORE/src/View/View.php, line 972
Cake\View\View::renderLayout() - CORE/src/View/View.php, line 643
Cake\View\View::render() - CORE/src/View/View.php, line 601
Cake\Controller\Controller::render() - CORE/src/Controller/Controller.php, line 623
Cake\Http\ActionDispatcher::_invoke() - CORE/src/Http/ActionDispatcher.php, line 125
Cake\Http\ActionDispatcher::dispatch() - CORE/src/Http/ActionDispatcher.php, line 93
Cake\Http\BaseApplication::__invoke() - CORE/src/Http/BaseApplication.php, line 78
Cake\Http\Runner::__invoke() - CORE/src/Http/Runner.php, line 65
Cake\Routing\Middleware\RoutingMiddleware::__invoke() - CORE/src/Routing/Middleware/RoutingMiddleware.php, line 59
Cake\Http\Runner::__invoke() - CORE/src/Http/Runner.php, line 65
Cake\Routing\Middleware\AssetMiddleware::__invoke() - CORE/src/Routing/Middleware/AssetMiddleware.php, line 88
Cake\Http\Runner::__invoke() - CORE/src/Http/Runner.php, line 65
Cake\Error\Middleware\ErrorHandlerMiddleware::__invoke() - CORE/src/Error/Middleware/ErrorHandlerMiddleware.php, line 92
Cake\Http\Runner::__invoke() - CORE/src/Http/Runner.php, line 65
Cake\Http\Runner::run() - CORE/src/Http/Runner.php, line 51
Cake\Http\Server::run() - CORE/src/Http/Server.php, line 80
[main] - ROOT/webroot/index.php, line 37



2017-07-05 20:30:51 Notice: Notice (8): Undefined variable: content_for_layout in [/home/hzhang3/public_html/src/Template/Layout/default.ctp, line 39]
Request URL: /about/index
Referer URL: http://sfsuse.com/~hzhang3/about/index
Client IP: 130.212.95.88
Trace:
Cake\Error\BaseErrorHandler::handleError() - CORE/src/Error/BaseErrorHandler.php, line 153
include - APP/Template/Layout/default.ctp, line 39
Cake\View\View::_evaluate() - CORE/src/View/View.php, line 1011
Cake\View\View::_render() - CORE/src/View/View.php, line 972
Cake\View\View::renderLayout() - CORE/src/View/View.php, line 643
Cake\View\View::render() - CORE/src/View/View.php, line 601
Cake\Controller\Controller::render() - CORE/src/Controller/Controller.php, line 623
Cake\Http\ActionDispatcher::_invoke() - CORE/src/Http/ActionDispatcher.php, line 125
Cake\Http\ActionDispatcher::dispatch() - CORE/src/Http/ActionDispatcher.php, line 93
Cake\Http\BaseApplication::__invoke() - CORE/src/Http/BaseApplication.php, line 78
Cake\Http\Runner::__invoke() - CORE/src/Http/Runner.php, line 65
Cake\Routing\Middleware\RoutingMiddleware::__invoke() - CORE/src/Routing/Middleware/RoutingMiddleware.php, line 59
Cake\Http\Runner::__invoke() - CORE/src/Http/Runner.php, line 65
Cake\Routing\Middleware\AssetMiddleware::__invoke() - CORE/src/Routing/Middleware/AssetMiddleware.php, line 88
Cake\Http\Runner::__invoke() - CORE/src/Http/Runner.php, line 65
Cake\Error\Middleware\ErrorHandlerMiddleware::__invoke() - CORE/src/Error/Middleware/ErrorHandlerMiddleware.php, line 92
Cake\Http\Runner::__invoke() - CORE/src/Http/Runner.php, line 65
Cake\Http\Runner::run() - CORE/src/Http/Runner.php, line 51
Cake\Http\Server::run() - CORE/src/Http/Server.php, line 80
[main] - ROOT/webroot/index.php, line 37



2017-07-05 20:32:07 Notice: Notice (8): Undefined variable: content_for_layout in [/home/hzhang3/public_html/src/Template/Layout/default.ctp, line 39]
Request URL: /
Client IP: 130.212.95.88
Trace:
Cake\Error\BaseErrorHandler::handleError() - CORE/src/Error/BaseErrorHandler.php, line 153
include - APP/Template/Layout/default.ctp, line 39
Cake\View\View::_evaluate() - CORE/src/View/View.php, line 1011
Cake\View\View::_render() - CORE/src/View/View.php, line 972
Cake\View\View::renderLayout() - CORE/src/View/View.php, line 643
Cake\View\View::render() - CORE/src/View/View.php, line 601
Cake\Controller\Controller::render() - CORE/src/Controller/Controller.php, line 623
Cake\Http\ActionDispatcher::_invoke() - CORE/src/Http/ActionDispatcher.php, line 125
Cake\Http\ActionDispatcher::dispatch() - CORE/src/Http/ActionDispatcher.php, line 93
Cake\Http\BaseApplication::__invoke() - CORE/src/Http/BaseApplication.php, line 78
Cake\Http\Runner::__invoke() - CORE/src/Http/Runner.php, line 65
Cake\Routing\Middleware\RoutingMiddleware::__invoke() - CORE/src/Routing/Middleware/RoutingMiddleware.php, line 59
Cake\Http\Runner::__invoke() - CORE/src/Http/Runner.php, line 65
Cake\Routing\Middleware\AssetMiddleware::__invoke() - CORE/src/Routing/Middleware/AssetMiddleware.php, line 88
Cake\Http\Runner::__invoke() - CORE/src/Http/Runner.php, line 65
Cake\Error\Middleware\ErrorHandlerMiddleware::__invoke() - CORE/src/Error/Middleware/ErrorHandlerMiddleware.php, line 92
Cake\Http\Runner::__invoke() - CORE/src/Http/Runner.php, line 65
Cake\Http\Runner::run() - CORE/src/Http/Runner.php, line 51
Cake\Http\Server::run() - CORE/src/Http/Server.php, line 80
[main] - ROOT/webroot/index.php, line 37



2017-07-05 20:33:05 Notice: Notice (8): Undefined variable: content_for_layout in [/home/hzhang3/public_html/src/Template/Layout/default.ctp, line 39]
Request URL: /
Client IP: 130.212.95.88
Trace:
Cake\Error\BaseErrorHandler::handleError() - CORE/src/Error/BaseErrorHandler.php, line 153
include - APP/Template/Layout/default.ctp, line 39
Cake\View\View::_evaluate() - CORE/src/View/View.php, line 1011
Cake\View\View::_render() - CORE/src/View/View.php, line 972
Cake\View\View::renderLayout() - CORE/src/View/View.php, line 643
Cake\View\View::render() - CORE/src/View/View.php, line 601
Cake\Controller\Controller::render() - CORE/src/Controller/Controller.php, line 623
Cake\Http\ActionDispatcher::_invoke() - CORE/src/Http/ActionDispatcher.php, line 125
Cake\Http\ActionDispatcher::dispatch() - CORE/src/Http/ActionDispatcher.php, line 93
Cake\Http\BaseApplication::__invoke() - CORE/src/Http/BaseApplication.php, line 78
Cake\Http\Runner::__invoke() - CORE/src/Http/Runner.php, line 65
Cake\Routing\Middleware\RoutingMiddleware::__invoke() - CORE/src/Routing/Middleware/RoutingMiddleware.php, line 59
Cake\Http\Runner::__invoke() - CORE/src/Http/Runner.php, line 65
Cake\Routing\Middleware\AssetMiddleware::__invoke() - CORE/src/Routing/Middleware/AssetMiddleware.php, line 88
Cake\Http\Runner::__invoke() - CORE/src/Http/Runner.php, line 65
Cake\Error\Middleware\ErrorHandlerMiddleware::__invoke() - CORE/src/Error/Middleware/ErrorHandlerMiddleware.php, line 92
Cake\Http\Runner::__invoke() - CORE/src/Http/Runner.php, line 65
Cake\Http\Runner::run() - CORE/src/Http/Runner.php, line 51
Cake\Http\Server::run() - CORE/src/Http/Server.php, line 80
[main] - ROOT/webroot/index.php, line 37



2017-07-05 20:33:57 Notice: Notice (8): Undefined variable: content_for_layout in [/home/hzhang3/public_html/src/Template/Layout/default.ctp, line 39]
Request URL: /
Client IP: 130.212.95.88
Trace:
Cake\Error\BaseErrorHandler::handleError() - CORE/src/Error/BaseErrorHandler.php, line 153
include - APP/Template/Layout/default.ctp, line 39
Cake\View\View::_evaluate() - CORE/src/View/View.php, line 1011
Cake\View\View::_render() - CORE/src/View/View.php, line 972
Cake\View\View::renderLayout() - CORE/src/View/View.php, line 643
Cake\View\View::render() - CORE/src/View/View.php, line 601
Cake\Controller\Controller::render() - CORE/src/Controller/Controller.php, line 623
Cake\Http\ActionDispatcher::_invoke() - CORE/src/Http/ActionDispatcher.php, line 125
Cake\Http\ActionDispatcher::dispatch() - CORE/src/Http/ActionDispatcher.php, line 93
Cake\Http\BaseApplication::__invoke() - CORE/src/Http/BaseApplication.php, line 78
Cake\Http\Runner::__invoke() - CORE/src/Http/Runner.php, line 65
Cake\Routing\Middleware\RoutingMiddleware::__invoke() - CORE/src/Routing/Middleware/RoutingMiddleware.php, line 59
Cake\Http\Runner::__invoke() - CORE/src/Http/Runner.php, line 65
Cake\Routing\Middleware\AssetMiddleware::__invoke() - CORE/src/Routing/Middleware/AssetMiddleware.php, line 88
Cake\Http\Runner::__invoke() - CORE/src/Http/Runner.php, line 65
Cake\Error\Middleware\ErrorHandlerMiddleware::__invoke() - CORE/src/Error/Middleware/ErrorHandlerMiddleware.php, line 92
Cake\Http\Runner::__invoke() - CORE/src/Http/Runner.php, line 65
Cake\Http\Runner::run() - CORE/src/Http/Runner.php, line 51
Cake\Http\Server::run() - CORE/src/Http/Server.php, line 80
[main] - ROOT/webroot/index.php, line 37



2017-07-05 20:35:54 Notice: Notice (8): Undefined variable: content_for_layout in [/home/hzhang3/public_html/src/Template/Layout/default.ctp, line 39]
Request URL: /
Client IP: 130.212.95.88
Trace:
Cake\Error\BaseErrorHandler::handleError() - CORE/src/Error/BaseErrorHandler.php, line 153
include - APP/Template/Layout/default.ctp, line 39
Cake\View\View::_evaluate() - CORE/src/View/View.php, line 1011
Cake\View\View::_render() - CORE/src/View/View.php, line 972
Cake\View\View::renderLayout() - CORE/src/View/View.php, line 643
Cake\View\View::render() - CORE/src/View/View.php, line 601
Cake\Controller\Controller::render() - CORE/src/Controller/Controller.php, line 623
Cake\Http\ActionDispatcher::_invoke() - CORE/src/Http/ActionDispatcher.php, line 125
Cake\Http\ActionDispatcher::dispatch() - CORE/src/Http/ActionDispatcher.php, line 93
Cake\Http\BaseApplication::__invoke() - CORE/src/Http/BaseApplication.php, line 78
Cake\Http\Runner::__invoke() - CORE/src/Http/Runner.php, line 65
Cake\Routing\Middleware\RoutingMiddleware::__invoke() - CORE/src/Routing/Middleware/RoutingMiddleware.php, line 59
Cake\Http\Runner::__invoke() - CORE/src/Http/Runner.php, line 65
Cake\Routing\Middleware\AssetMiddleware::__invoke() - CORE/src/Routing/Middleware/AssetMiddleware.php, line 88
Cake\Http\Runner::__invoke() - CORE/src/Http/Runner.php, line 65
Cake\Error\Middleware\ErrorHandlerMiddleware::__invoke() - CORE/src/Error/Middleware/ErrorHandlerMiddleware.php, line 92
Cake\Http\Runner::__invoke() - CORE/src/Http/Runner.php, line 65
Cake\Http\Runner::run() - CORE/src/Http/Runner.php, line 51
Cake\Http\Server::run() - CORE/src/Http/Server.php, line 80
[main] - ROOT/webroot/index.php, line 37



2017-07-05 20:36:58 Notice: Notice (8): Undefined variable: content_for_layout in [/home/hzhang3/public_html/src/Template/Layout/default.ctp, line 39]
Request URL: /
Client IP: 130.212.95.88
Trace:
Cake\Error\BaseErrorHandler::handleError() - CORE/src/Error/BaseErrorHandler.php, line 153
include - APP/Template/Layout/default.ctp, line 39
Cake\View\View::_evaluate() - CORE/src/View/View.php, line 1011
Cake\View\View::_render() - CORE/src/View/View.php, line 972
Cake\View\View::renderLayout() - CORE/src/View/View.php, line 643
Cake\View\View::render() - CORE/src/View/View.php, line 601
Cake\Controller\Controller::render() - CORE/src/Controller/Controller.php, line 623
Cake\Http\ActionDispatcher::_invoke() - CORE/src/Http/ActionDispatcher.php, line 125
Cake\Http\ActionDispatcher::dispatch() - CORE/src/Http/ActionDispatcher.php, line 93
Cake\Http\BaseApplication::__invoke() - CORE/src/Http/BaseApplication.php, line 78
Cake\Http\Runner::__invoke() - CORE/src/Http/Runner.php, line 65
Cake\Routing\Middleware\RoutingMiddleware::__invoke() - CORE/src/Routing/Middleware/RoutingMiddleware.php, line 59
Cake\Http\Runner::__invoke() - CORE/src/Http/Runner.php, line 65
Cake\Routing\Middleware\AssetMiddleware::__invoke() - CORE/src/Routing/Middleware/AssetMiddleware.php, line 88
Cake\Http\Runner::__invoke() - CORE/src/Http/Runner.php, line 65
Cake\Error\Middleware\ErrorHandlerMiddleware::__invoke() - CORE/src/Error/Middleware/ErrorHandlerMiddleware.php, line 92
Cake\Http\Runner::__invoke() - CORE/src/Http/Runner.php, line 65
Cake\Http\Runner::run() - CORE/src/Http/Runner.php, line 51
Cake\Http\Server::run() - CORE/src/Http/Server.php, line 80
[main] - ROOT/webroot/index.php, line 37



2017-07-05 20:38:00 Notice: Notice (8): Undefined variable: content_for_layout in [/home/hzhang3/public_html/src/Template/Layout/default.ctp, line 39]
Request URL: /
Client IP: 130.212.95.88
Trace:
Cake\Error\BaseErrorHandler::handleError() - CORE/src/Error/BaseErrorHandler.php, line 153
include - APP/Template/Layout/default.ctp, line 39
Cake\View\View::_evaluate() - CORE/src/View/View.php, line 1011
Cake\View\View::_render() - CORE/src/View/View.php, line 972
Cake\View\View::renderLayout() - CORE/src/View/View.php, line 643
Cake\View\View::render() - CORE/src/View/View.php, line 601
Cake\Controller\Controller::render() - CORE/src/Controller/Controller.php, line 623
Cake\Http\ActionDispatcher::_invoke() - CORE/src/Http/ActionDispatcher.php, line 125
Cake\Http\ActionDispatcher::dispatch() - CORE/src/Http/ActionDispatcher.php, line 93
Cake\Http\BaseApplication::__invoke() - CORE/src/Http/BaseApplication.php, line 78
Cake\Http\Runner::__invoke() - CORE/src/Http/Runner.php, line 65
Cake\Routing\Middleware\RoutingMiddleware::__invoke() - CORE/src/Routing/Middleware/RoutingMiddleware.php, line 59
Cake\Http\Runner::__invoke() - CORE/src/Http/Runner.php, line 65
Cake\Routing\Middleware\AssetMiddleware::__invoke() - CORE/src/Routing/Middleware/AssetMiddleware.php, line 88
Cake\Http\Runner::__invoke() - CORE/src/Http/Runner.php, line 65
Cake\Error\Middleware\ErrorHandlerMiddleware::__invoke() - CORE/src/Error/Middleware/ErrorHandlerMiddleware.php, line 92
Cake\Http\Runner::__invoke() - CORE/src/Http/Runner.php, line 65
Cake\Http\Runner::run() - CORE/src/Http/Runner.php, line 51
Cake\Http\Server::run() - CORE/src/Http/Server.php, line 80
[main] - ROOT/webroot/index.php, line 37



2017-07-05 20:38:17 Notice: Notice (8): Undefined variable: content_for_layout in [/home/hzhang3/public_html/src/Template/Layout/default.ctp, line 39]
Request URL: /
Client IP: 130.212.95.88
Trace:
Cake\Error\BaseErrorHandler::handleError() - CORE/src/Error/BaseErrorHandler.php, line 153
include - APP/Template/Layout/default.ctp, line 39
Cake\View\View::_evaluate() - CORE/src/View/View.php, line 1011
Cake\View\View::_render() - CORE/src/View/View.php, line 972
Cake\View\View::renderLayout() - CORE/src/View/View.php, line 643
Cake\View\View::render() - CORE/src/View/View.php, line 601
Cake\Controller\Controller::render() - CORE/src/Controller/Controller.php, line 623
Cake\Http\ActionDispatcher::_invoke() - CORE/src/Http/ActionDispatcher.php, line 125
Cake\Http\ActionDispatcher::dispatch() - CORE/src/Http/ActionDispatcher.php, line 93
Cake\Http\BaseApplication::__invoke() - CORE/src/Http/BaseApplication.php, line 78
Cake\Http\Runner::__invoke() - CORE/src/Http/Runner.php, line 65
Cake\Routing\Middleware\RoutingMiddleware::__invoke() - CORE/src/Routing/Middleware/RoutingMiddleware.php, line 59
Cake\Http\Runner::__invoke() - CORE/src/Http/Runner.php, line 65
Cake\Routing\Middleware\AssetMiddleware::__invoke() - CORE/src/Routing/Middleware/AssetMiddleware.php, line 88
Cake\Http\Runner::__invoke() - CORE/src/Http/Runner.php, line 65
Cake\Error\Middleware\ErrorHandlerMiddleware::__invoke() - CORE/src/Error/Middleware/ErrorHandlerMiddleware.php, line 92
Cake\Http\Runner::__invoke() - CORE/src/Http/Runner.php, line 65
Cake\Http\Runner::run() - CORE/src/Http/Runner.php, line 51
Cake\Http\Server::run() - CORE/src/Http/Server.php, line 80
[main] - ROOT/webroot/index.php, line 37



2017-07-05 20:38:42 Notice: Notice (8): Undefined variable: content_for_layout in [/home/hzhang3/public_html/src/Template/Layout/default.ctp, line 39]
Request URL: /
Client IP: 130.212.95.88
Trace:
Cake\Error\BaseErrorHandler::handleError() - CORE/src/Error/BaseErrorHandler.php, line 153
include - APP/Template/Layout/default.ctp, line 39
Cake\View\View::_evaluate() - CORE/src/View/View.php, line 1011
Cake\View\View::_render() - CORE/src/View/View.php, line 972
Cake\View\View::renderLayout() - CORE/src/View/View.php, line 643
Cake\View\View::render() - CORE/src/View/View.php, line 601
Cake\Controller\Controller::render() - CORE/src/Controller/Controller.php, line 623
Cake\Http\ActionDispatcher::_invoke() - CORE/src/Http/ActionDispatcher.php, line 125
Cake\Http\ActionDispatcher::dispatch() - CORE/src/Http/ActionDispatcher.php, line 93
Cake\Http\BaseApplication::__invoke() - CORE/src/Http/BaseApplication.php, line 78
Cake\Http\Runner::__invoke() - CORE/src/Http/Runner.php, line 65
Cake\Routing\Middleware\RoutingMiddleware::__invoke() - CORE/src/Routing/Middleware/RoutingMiddleware.php, line 59
Cake\Http\Runner::__invoke() - CORE/src/Http/Runner.php, line 65
Cake\Routing\Middleware\AssetMiddleware::__invoke() - CORE/src/Routing/Middleware/AssetMiddleware.php, line 88
Cake\Http\Runner::__invoke() - CORE/src/Http/Runner.php, line 65
Cake\Error\Middleware\ErrorHandlerMiddleware::__invoke() - CORE/src/Error/Middleware/ErrorHandlerMiddleware.php, line 92
Cake\Http\Runner::__invoke() - CORE/src/Http/Runner.php, line 65
Cake\Http\Runner::run() - CORE/src/Http/Runner.php, line 51
Cake\Http\Server::run() - CORE/src/Http/Server.php, line 80
[main] - ROOT/webroot/index.php, line 37



2017-07-05 20:39:09 Notice: Notice (8): Undefined variable: content_for_layout in [/home/hzhang3/public_html/src/Template/Layout/default.ctp, line 39]
Request URL: /
Client IP: 130.212.95.88
Trace:
Cake\Error\BaseErrorHandler::handleError() - CORE/src/Error/BaseErrorHandler.php, line 153
include - APP/Template/Layout/default.ctp, line 39
Cake\View\View::_evaluate() - CORE/src/View/View.php, line 1011
Cake\View\View::_render() - CORE/src/View/View.php, line 972
Cake\View\View::renderLayout() - CORE/src/View/View.php, line 643
Cake\View\View::render() - CORE/src/View/View.php, line 601
Cake\Controller\Controller::render() - CORE/src/Controller/Controller.php, line 623
Cake\Http\ActionDispatcher::_invoke() - CORE/src/Http/ActionDispatcher.php, line 125
Cake\Http\ActionDispatcher::dispatch() - CORE/src/Http/ActionDispatcher.php, line 93
Cake\Http\BaseApplication::__invoke() - CORE/src/Http/BaseApplication.php, line 78
Cake\Http\Runner::__invoke() - CORE/src/Http/Runner.php, line 65
Cake\Routing\Middleware\RoutingMiddleware::__invoke() - CORE/src/Routing/Middleware/RoutingMiddleware.php, line 59
Cake\Http\Runner::__invoke() - CORE/src/Http/Runner.php, line 65
Cake\Routing\Middleware\AssetMiddleware::__invoke() - CORE/src/Routing/Middleware/AssetMiddleware.php, line 88
Cake\Http\Runner::__invoke() - CORE/src/Http/Runner.php, line 65
Cake\Error\Middleware\ErrorHandlerMiddleware::__invoke() - CORE/src/Error/Middleware/ErrorHandlerMiddleware.php, line 92
Cake\Http\Runner::__invoke() - CORE/src/Http/Runner.php, line 65
Cake\Http\Runner::run() - CORE/src/Http/Runner.php, line 51
Cake\Http\Server::run() - CORE/src/Http/Server.php, line 80
[main] - ROOT/webroot/index.php, line 37



2017-07-05 20:39:27 Notice: Notice (8): Undefined variable: content_for_layout in [/home/hzhang3/public_html/src/Template/Layout/default.ctp, line 39]
Request URL: /
Client IP: 130.212.95.88
Trace:
Cake\Error\BaseErrorHandler::handleError() - CORE/src/Error/BaseErrorHandler.php, line 153
include - APP/Template/Layout/default.ctp, line 39
Cake\View\View::_evaluate() - CORE/src/View/View.php, line 1011
Cake\View\View::_render() - CORE/src/View/View.php, line 972
Cake\View\View::renderLayout() - CORE/src/View/View.php, line 643
Cake\View\View::render() - CORE/src/View/View.php, line 601
Cake\Controller\Controller::render() - CORE/src/Controller/Controller.php, line 623
Cake\Http\ActionDispatcher::_invoke() - CORE/src/Http/ActionDispatcher.php, line 125
Cake\Http\ActionDispatcher::dispatch() - CORE/src/Http/ActionDispatcher.php, line 93
Cake\Http\BaseApplication::__invoke() - CORE/src/Http/BaseApplication.php, line 78
Cake\Http\Runner::__invoke() - CORE/src/Http/Runner.php, line 65
Cake\Routing\Middleware\RoutingMiddleware::__invoke() - CORE/src/Routing/Middleware/RoutingMiddleware.php, line 59
Cake\Http\Runner::__invoke() - CORE/src/Http/Runner.php, line 65
Cake\Routing\Middleware\AssetMiddleware::__invoke() - CORE/src/Routing/Middleware/AssetMiddleware.php, line 88
Cake\Http\Runner::__invoke() - CORE/src/Http/Runner.php, line 65
Cake\Error\Middleware\ErrorHandlerMiddleware::__invoke() - CORE/src/Error/Middleware/ErrorHandlerMiddleware.php, line 92
Cake\Http\Runner::__invoke() - CORE/src/Http/Runner.php, line 65
Cake\Http\Runner::run() - CORE/src/Http/Runner.php, line 51
Cake\Http\Server::run() - CORE/src/Http/Server.php, line 80
[main] - ROOT/webroot/index.php, line 37



2017-07-05 20:39:57 Notice: Notice (8): Undefined variable: content_for_layout in [/home/hzhang3/public_html/src/Template/Layout/default.ctp, line 39]
Request URL: /
Client IP: 130.212.95.88
Trace:
Cake\Error\BaseErrorHandler::handleError() - CORE/src/Error/BaseErrorHandler.php, line 153
include - APP/Template/Layout/default.ctp, line 39
Cake\View\View::_evaluate() - CORE/src/View/View.php, line 1011
Cake\View\View::_render() - CORE/src/View/View.php, line 972
Cake\View\View::renderLayout() - CORE/src/View/View.php, line 643
Cake\View\View::render() - CORE/src/View/View.php, line 601
Cake\Controller\Controller::render() - CORE/src/Controller/Controller.php, line 623
Cake\Http\ActionDispatcher::_invoke() - CORE/src/Http/ActionDispatcher.php, line 125
Cake\Http\ActionDispatcher::dispatch() - CORE/src/Http/ActionDispatcher.php, line 93
Cake\Http\BaseApplication::__invoke() - CORE/src/Http/BaseApplication.php, line 78
Cake\Http\Runner::__invoke() - CORE/src/Http/Runner.php, line 65
Cake\Routing\Middleware\RoutingMiddleware::__invoke() - CORE/src/Routing/Middleware/RoutingMiddleware.php, line 59
Cake\Http\Runner::__invoke() - CORE/src/Http/Runner.php, line 65
Cake\Routing\Middleware\AssetMiddleware::__invoke() - CORE/src/Routing/Middleware/AssetMiddleware.php, line 88
Cake\Http\Runner::__invoke() - CORE/src/Http/Runner.php, line 65
Cake\Error\Middleware\ErrorHandlerMiddleware::__invoke() - CORE/src/Error/Middleware/ErrorHandlerMiddleware.php, line 92
Cake\Http\Runner::__invoke() - CORE/src/Http/Runner.php, line 65
Cake\Http\Runner::run() - CORE/src/Http/Runner.php, line 51
Cake\Http\Server::run() - CORE/src/Http/Server.php, line 80
[main] - ROOT/webroot/index.php, line 37



2017-07-05 20:40:12 Notice: Notice (8): Undefined variable: content_for_layout in [/home/hzhang3/public_html/src/Template/Layout/default.ctp, line 39]
Request URL: /
Client IP: 130.212.95.88
Trace:
Cake\Error\BaseErrorHandler::handleError() - CORE/src/Error/BaseErrorHandler.php, line 153
include - APP/Template/Layout/default.ctp, line 39
Cake\View\View::_evaluate() - CORE/src/View/View.php, line 1011
Cake\View\View::_render() - CORE/src/View/View.php, line 972
Cake\View\View::renderLayout() - CORE/src/View/View.php, line 643
Cake\View\View::render() - CORE/src/View/View.php, line 601
Cake\Controller\Controller::render() - CORE/src/Controller/Controller.php, line 623
Cake\Http\ActionDispatcher::_invoke() - CORE/src/Http/ActionDispatcher.php, line 125
Cake\Http\ActionDispatcher::dispatch() - CORE/src/Http/ActionDispatcher.php, line 93
Cake\Http\BaseApplication::__invoke() - CORE/src/Http/BaseApplication.php, line 78
Cake\Http\Runner::__invoke() - CORE/src/Http/Runner.php, line 65
Cake\Routing\Middleware\RoutingMiddleware::__invoke() - CORE/src/Routing/Middleware/RoutingMiddleware.php, line 59
Cake\Http\Runner::__invoke() - CORE/src/Http/Runner.php, line 65
Cake\Routing\Middleware\AssetMiddleware::__invoke() - CORE/src/Routing/Middleware/AssetMiddleware.php, line 88
Cake\Http\Runner::__invoke() - CORE/src/Http/Runner.php, line 65
Cake\Error\Middleware\ErrorHandlerMiddleware::__invoke() - CORE/src/Error/Middleware/ErrorHandlerMiddleware.php, line 92
Cake\Http\Runner::__invoke() - CORE/src/Http/Runner.php, line 65
Cake\Http\Runner::run() - CORE/src/Http/Runner.php, line 51
Cake\Http\Server::run() - CORE/src/Http/Server.php, line 80
[main] - ROOT/webroot/index.php, line 37



2017-07-05 20:40:14 Notice: Notice (8): Undefined variable: content_for_layout in [/home/hzhang3/public_html/src/Template/Layout/default.ctp, line 39]
Request URL: /
Client IP: 130.212.95.88
Trace:
Cake\Error\BaseErrorHandler::handleError() - CORE/src/Error/BaseErrorHandler.php, line 153
include - APP/Template/Layout/default.ctp, line 39
Cake\View\View::_evaluate() - CORE/src/View/View.php, line 1011
Cake\View\View::_render() - CORE/src/View/View.php, line 972
Cake\View\View::renderLayout() - CORE/src/View/View.php, line 643
Cake\View\View::render() - CORE/src/View/View.php, line 601
Cake\Controller\Controller::render() - CORE/src/Controller/Controller.php, line 623
Cake\Http\ActionDispatcher::_invoke() - CORE/src/Http/ActionDispatcher.php, line 125
Cake\Http\ActionDispatcher::dispatch() - CORE/src/Http/ActionDispatcher.php, line 93
Cake\Http\BaseApplication::__invoke() - CORE/src/Http/BaseApplication.php, line 78
Cake\Http\Runner::__invoke() - CORE/src/Http/Runner.php, line 65
Cake\Routing\Middleware\RoutingMiddleware::__invoke() - CORE/src/Routing/Middleware/RoutingMiddleware.php, line 59
Cake\Http\Runner::__invoke() - CORE/src/Http/Runner.php, line 65
Cake\Routing\Middleware\AssetMiddleware::__invoke() - CORE/src/Routing/Middleware/AssetMiddleware.php, line 88
Cake\Http\Runner::__invoke() - CORE/src/Http/Runner.php, line 65
Cake\Error\Middleware\ErrorHandlerMiddleware::__invoke() - CORE/src/Error/Middleware/ErrorHandlerMiddleware.php, line 92
Cake\Http\Runner::__invoke() - CORE/src/Http/Runner.php, line 65
Cake\Http\Runner::run() - CORE/src/Http/Runner.php, line 51
Cake\Http\Server::run() - CORE/src/Http/Server.php, line 80
[main] - ROOT/webroot/index.php, line 37



2017-07-05 20:40:16 Notice: Notice (8): Undefined variable: content_for_layout in [/home/hzhang3/public_html/src/Template/Layout/default.ctp, line 39]
Request URL: /
Client IP: 130.212.95.88
Trace:
Cake\Error\BaseErrorHandler::handleError() - CORE/src/Error/BaseErrorHandler.php, line 153
include - APP/Template/Layout/default.ctp, line 39
Cake\View\View::_evaluate() - CORE/src/View/View.php, line 1011
Cake\View\View::_render() - CORE/src/View/View.php, line 972
Cake\View\View::renderLayout() - CORE/src/View/View.php, line 643
Cake\View\View::render() - CORE/src/View/View.php, line 601
Cake\Controller\Controller::render() - CORE/src/Controller/Controller.php, line 623
Cake\Http\ActionDispatcher::_invoke() - CORE/src/Http/ActionDispatcher.php, line 125
Cake\Http\ActionDispatcher::dispatch() - CORE/src/Http/ActionDispatcher.php, line 93
Cake\Http\BaseApplication::__invoke() - CORE/src/Http/BaseApplication.php, line 78
Cake\Http\Runner::__invoke() - CORE/src/Http/Runner.php, line 65
Cake\Routing\Middleware\RoutingMiddleware::__invoke() - CORE/src/Routing/Middleware/RoutingMiddleware.php, line 59
Cake\Http\Runner::__invoke() - CORE/src/Http/Runner.php, line 65
Cake\Routing\Middleware\AssetMiddleware::__invoke() - CORE/src/Routing/Middleware/AssetMiddleware.php, line 88
Cake\Http\Runner::__invoke() - CORE/src/Http/Runner.php, line 65
Cake\Error\Middleware\ErrorHandlerMiddleware::__invoke() - CORE/src/Error/Middleware/ErrorHandlerMiddleware.php, line 92
Cake\Http\Runner::__invoke() - CORE/src/Http/Runner.php, line 65
Cake\Http\Runner::run() - CORE/src/Http/Runner.php, line 51
Cake\Http\Server::run() - CORE/src/Http/Server.php, line 80
[main] - ROOT/webroot/index.php, line 37



2017-07-05 20:40:37 Notice: Notice (8): Undefined variable: content_for_layout in [/home/hzhang3/public_html/src/Template/Layout/default.ctp, line 39]
Request URL: /
Client IP: 130.212.95.88
Trace:
Cake\Error\BaseErrorHandler::handleError() - CORE/src/Error/BaseErrorHandler.php, line 153
include - APP/Template/Layout/default.ctp, line 39
Cake\View\View::_evaluate() - CORE/src/View/View.php, line 1011
Cake\View\View::_render() - CORE/src/View/View.php, line 972
Cake\View\View::renderLayout() - CORE/src/View/View.php, line 643
Cake\View\View::render() - CORE/src/View/View.php, line 601
Cake\Controller\Controller::render() - CORE/src/Controller/Controller.php, line 623
Cake\Http\ActionDispatcher::_invoke() - CORE/src/Http/ActionDispatcher.php, line 125
Cake\Http\ActionDispatcher::dispatch() - CORE/src/Http/ActionDispatcher.php, line 93
Cake\Http\BaseApplication::__invoke() - CORE/src/Http/BaseApplication.php, line 78
Cake\Http\Runner::__invoke() - CORE/src/Http/Runner.php, line 65
Cake\Routing\Middleware\RoutingMiddleware::__invoke() - CORE/src/Routing/Middleware/RoutingMiddleware.php, line 59
Cake\Http\Runner::__invoke() - CORE/src/Http/Runner.php, line 65
Cake\Routing\Middleware\AssetMiddleware::__invoke() - CORE/src/Routing/Middleware/AssetMiddleware.php, line 88
Cake\Http\Runner::__invoke() - CORE/src/Http/Runner.php, line 65
Cake\Error\Middleware\ErrorHandlerMiddleware::__invoke() - CORE/src/Error/Middleware/ErrorHandlerMiddleware.php, line 92
Cake\Http\Runner::__invoke() - CORE/src/Http/Runner.php, line 65
Cake\Http\Runner::run() - CORE/src/Http/Runner.php, line 51
Cake\Http\Server::run() - CORE/src/Http/Server.php, line 80
[main] - ROOT/webroot/index.php, line 37



2017-07-05 20:42:03 Notice: Notice (8): Undefined variable: content_for_layout in [/home/hzhang3/public_html/src/Template/Layout/default.ctp, line 39]
Request URL: /
Client IP: 130.212.95.88
Trace:
Cake\Error\BaseErrorHandler::handleError() - CORE/src/Error/BaseErrorHandler.php, line 153
include - APP/Template/Layout/default.ctp, line 39
Cake\View\View::_evaluate() - CORE/src/View/View.php, line 1011
Cake\View\View::_render() - CORE/src/View/View.php, line 972
Cake\View\View::renderLayout() - CORE/src/View/View.php, line 643
Cake\View\View::render() - CORE/src/View/View.php, line 601
Cake\Controller\Controller::render() - CORE/src/Controller/Controller.php, line 623
Cake\Http\ActionDispatcher::_invoke() - CORE/src/Http/ActionDispatcher.php, line 125
Cake\Http\ActionDispatcher::dispatch() - CORE/src/Http/ActionDispatcher.php, line 93
Cake\Http\BaseApplication::__invoke() - CORE/src/Http/BaseApplication.php, line 78
Cake\Http\Runner::__invoke() - CORE/src/Http/Runner.php, line 65
Cake\Routing\Middleware\RoutingMiddleware::__invoke() - CORE/src/Routing/Middleware/RoutingMiddleware.php, line 59
Cake\Http\Runner::__invoke() - CORE/src/Http/Runner.php, line 65
Cake\Routing\Middleware\AssetMiddleware::__invoke() - CORE/src/Routing/Middleware/AssetMiddleware.php, line 88
Cake\Http\Runner::__invoke() - CORE/src/Http/Runner.php, line 65
Cake\Error\Middleware\ErrorHandlerMiddleware::__invoke() - CORE/src/Error/Middleware/ErrorHandlerMiddleware.php, line 92
Cake\Http\Runner::__invoke() - CORE/src/Http/Runner.php, line 65
Cake\Http\Runner::run() - CORE/src/Http/Runner.php, line 51
Cake\Http\Server::run() - CORE/src/Http/Server.php, line 80
[main] - ROOT/webroot/index.php, line 37



2017-07-05 20:42:22 Notice: Notice (8): Undefined variable: content_for_layout in [/home/hzhang3/public_html/src/Template/Layout/default.ctp, line 39]
Request URL: /
Client IP: 130.212.95.88
Trace:
Cake\Error\BaseErrorHandler::handleError() - CORE/src/Error/BaseErrorHandler.php, line 153
include - APP/Template/Layout/default.ctp, line 39
Cake\View\View::_evaluate() - CORE/src/View/View.php, line 1011
Cake\View\View::_render() - CORE/src/View/View.php, line 972
Cake\View\View::renderLayout() - CORE/src/View/View.php, line 643
Cake\View\View::render() - CORE/src/View/View.php, line 601
Cake\Controller\Controller::render() - CORE/src/Controller/Controller.php, line 623
Cake\Http\ActionDispatcher::_invoke() - CORE/src/Http/ActionDispatcher.php, line 125
Cake\Http\ActionDispatcher::dispatch() - CORE/src/Http/ActionDispatcher.php, line 93
Cake\Http\BaseApplication::__invoke() - CORE/src/Http/BaseApplication.php, line 78
Cake\Http\Runner::__invoke() - CORE/src/Http/Runner.php, line 65
Cake\Routing\Middleware\RoutingMiddleware::__invoke() - CORE/src/Routing/Middleware/RoutingMiddleware.php, line 59
Cake\Http\Runner::__invoke() - CORE/src/Http/Runner.php, line 65
Cake\Routing\Middleware\AssetMiddleware::__invoke() - CORE/src/Routing/Middleware/AssetMiddleware.php, line 88
Cake\Http\Runner::__invoke() - CORE/src/Http/Runner.php, line 65
Cake\Error\Middleware\ErrorHandlerMiddleware::__invoke() - CORE/src/Error/Middleware/ErrorHandlerMiddleware.php, line 92
Cake\Http\Runner::__invoke() - CORE/src/Http/Runner.php, line 65
Cake\Http\Runner::run() - CORE/src/Http/Runner.php, line 51
Cake\Http\Server::run() - CORE/src/Http/Server.php, line 80
[main] - ROOT/webroot/index.php, line 37



2017-07-05 20:42:24 Notice: Notice (8): Undefined variable: content_for_layout in [/home/hzhang3/public_html/src/Template/Layout/default.ctp, line 39]
Request URL: /
Client IP: 130.212.95.88
Trace:
Cake\Error\BaseErrorHandler::handleError() - CORE/src/Error/BaseErrorHandler.php, line 153
include - APP/Template/Layout/default.ctp, line 39
Cake\View\View::_evaluate() - CORE/src/View/View.php, line 1011
Cake\View\View::_render() - CORE/src/View/View.php, line 972
Cake\View\View::renderLayout() - CORE/src/View/View.php, line 643
Cake\View\View::render() - CORE/src/View/View.php, line 601
Cake\Controller\Controller::render() - CORE/src/Controller/Controller.php, line 623
Cake\Http\ActionDispatcher::_invoke() - CORE/src/Http/ActionDispatcher.php, line 125
Cake\Http\ActionDispatcher::dispatch() - CORE/src/Http/ActionDispatcher.php, line 93
Cake\Http\BaseApplication::__invoke() - CORE/src/Http/BaseApplication.php, line 78
Cake\Http\Runner::__invoke() - CORE/src/Http/Runner.php, line 65
Cake\Routing\Middleware\RoutingMiddleware::__invoke() - CORE/src/Routing/Middleware/RoutingMiddleware.php, line 59
Cake\Http\Runner::__invoke() - CORE/src/Http/Runner.php, line 65
Cake\Routing\Middleware\AssetMiddleware::__invoke() - CORE/src/Routing/Middleware/AssetMiddleware.php, line 88
Cake\Http\Runner::__invoke() - CORE/src/Http/Runner.php, line 65
Cake\Error\Middleware\ErrorHandlerMiddleware::__invoke() - CORE/src/Error/Middleware/ErrorHandlerMiddleware.php, line 92
Cake\Http\Runner::__invoke() - CORE/src/Http/Runner.php, line 65
Cake\Http\Runner::run() - CORE/src/Http/Runner.php, line 51
Cake\Http\Server::run() - CORE/src/Http/Server.php, line 80
[main] - ROOT/webroot/index.php, line 37



2017-07-05 20:42:53 Notice: Notice (8): Undefined variable: content_for_layout in [/home/hzhang3/public_html/src/Template/Layout/default.ctp, line 39]
Request URL: /
Client IP: 130.212.95.88
Trace:
Cake\Error\BaseErrorHandler::handleError() - CORE/src/Error/BaseErrorHandler.php, line 153
include - APP/Template/Layout/default.ctp, line 39
Cake\View\View::_evaluate() - CORE/src/View/View.php, line 1011
Cake\View\View::_render() - CORE/src/View/View.php, line 972
Cake\View\View::renderLayout() - CORE/src/View/View.php, line 643
Cake\View\View::render() - CORE/src/View/View.php, line 601
Cake\Controller\Controller::render() - CORE/src/Controller/Controller.php, line 623
Cake\Http\ActionDispatcher::_invoke() - CORE/src/Http/ActionDispatcher.php, line 125
Cake\Http\ActionDispatcher::dispatch() - CORE/src/Http/ActionDispatcher.php, line 93
Cake\Http\BaseApplication::__invoke() - CORE/src/Http/BaseApplication.php, line 78
Cake\Http\Runner::__invoke() - CORE/src/Http/Runner.php, line 65
Cake\Routing\Middleware\RoutingMiddleware::__invoke() - CORE/src/Routing/Middleware/RoutingMiddleware.php, line 59
Cake\Http\Runner::__invoke() - CORE/src/Http/Runner.php, line 65
Cake\Routing\Middleware\AssetMiddleware::__invoke() - CORE/src/Routing/Middleware/AssetMiddleware.php, line 88
Cake\Http\Runner::__invoke() - CORE/src/Http/Runner.php, line 65
Cake\Error\Middleware\ErrorHandlerMiddleware::__invoke() - CORE/src/Error/Middleware/ErrorHandlerMiddleware.php, line 92
Cake\Http\Runner::__invoke() - CORE/src/Http/Runner.php, line 65
Cake\Http\Runner::run() - CORE/src/Http/Runner.php, line 51
Cake\Http\Server::run() - CORE/src/Http/Server.php, line 80
[main] - ROOT/webroot/index.php, line 37



2017-07-05 20:43:51 Notice: Notice (8): Undefined variable: content_for_layout in [/home/hzhang3/public_html/src/Template/Layout/default.ctp, line 39]
Request URL: /
Client IP: 130.212.95.88
Trace:
Cake\Error\BaseErrorHandler::handleError() - CORE/src/Error/BaseErrorHandler.php, line 153
include - APP/Template/Layout/default.ctp, line 39
Cake\View\View::_evaluate() - CORE/src/View/View.php, line 1011
Cake\View\View::_render() - CORE/src/View/View.php, line 972
Cake\View\View::renderLayout() - CORE/src/View/View.php, line 643
Cake\View\View::render() - CORE/src/View/View.php, line 601
Cake\Controller\Controller::render() - CORE/src/Controller/Controller.php, line 623
Cake\Http\ActionDispatcher::_invoke() - CORE/src/Http/ActionDispatcher.php, line 125
Cake\Http\ActionDispatcher::dispatch() - CORE/src/Http/ActionDispatcher.php, line 93
Cake\Http\BaseApplication::__invoke() - CORE/src/Http/BaseApplication.php, line 78
Cake\Http\Runner::__invoke() - CORE/src/Http/Runner.php, line 65
Cake\Routing\Middleware\RoutingMiddleware::__invoke() - CORE/src/Routing/Middleware/RoutingMiddleware.php, line 59
Cake\Http\Runner::__invoke() - CORE/src/Http/Runner.php, line 65
Cake\Routing\Middleware\AssetMiddleware::__invoke() - CORE/src/Routing/Middleware/AssetMiddleware.php, line 88
Cake\Http\Runner::__invoke() - CORE/src/Http/Runner.php, line 65
Cake\Error\Middleware\ErrorHandlerMiddleware::__invoke() - CORE/src/Error/Middleware/ErrorHandlerMiddleware.php, line 92
Cake\Http\Runner::__invoke() - CORE/src/Http/Runner.php, line 65
Cake\Http\Runner::run() - CORE/src/Http/Runner.php, line 51
Cake\Http\Server::run() - CORE/src/Http/Server.php, line 80
[main] - ROOT/webroot/index.php, line 37



2017-07-05 20:44:20 Notice: Notice (8): Undefined variable: content_for_layout in [/home/hzhang3/public_html/src/Template/Layout/default.ctp, line 39]
Request URL: /
Client IP: 130.212.95.88
Trace:
Cake\Error\BaseErrorHandler::handleError() - CORE/src/Error/BaseErrorHandler.php, line 153
include - APP/Template/Layout/default.ctp, line 39
Cake\View\View::_evaluate() - CORE/src/View/View.php, line 1011
Cake\View\View::_render() - CORE/src/View/View.php, line 972
Cake\View\View::renderLayout() - CORE/src/View/View.php, line 643
Cake\View\View::render() - CORE/src/View/View.php, line 601
Cake\Controller\Controller::render() - CORE/src/Controller/Controller.php, line 623
Cake\Http\ActionDispatcher::_invoke() - CORE/src/Http/ActionDispatcher.php, line 125
Cake\Http\ActionDispatcher::dispatch() - CORE/src/Http/ActionDispatcher.php, line 93
Cake\Http\BaseApplication::__invoke() - CORE/src/Http/BaseApplication.php, line 78
Cake\Http\Runner::__invoke() - CORE/src/Http/Runner.php, line 65
Cake\Routing\Middleware\RoutingMiddleware::__invoke() - CORE/src/Routing/Middleware/RoutingMiddleware.php, line 59
Cake\Http\Runner::__invoke() - CORE/src/Http/Runner.php, line 65
Cake\Routing\Middleware\AssetMiddleware::__invoke() - CORE/src/Routing/Middleware/AssetMiddleware.php, line 88
Cake\Http\Runner::__invoke() - CORE/src/Http/Runner.php, line 65
Cake\Error\Middleware\ErrorHandlerMiddleware::__invoke() - CORE/src/Error/Middleware/ErrorHandlerMiddleware.php, line 92
Cake\Http\Runner::__invoke() - CORE/src/Http/Runner.php, line 65
Cake\Http\Runner::run() - CORE/src/Http/Runner.php, line 51
Cake\Http\Server::run() - CORE/src/Http/Server.php, line 80
[main] - ROOT/webroot/index.php, line 37



2017-07-05 20:44:36 Notice: Notice (8): Undefined variable: content_for_layout in [/home/hzhang3/public_html/src/Template/Layout/default.ctp, line 39]
Request URL: /
Client IP: 130.212.95.88
Trace:
Cake\Error\BaseErrorHandler::handleError() - CORE/src/Error/BaseErrorHandler.php, line 153
include - APP/Template/Layout/default.ctp, line 39
Cake\View\View::_evaluate() - CORE/src/View/View.php, line 1011
Cake\View\View::_render() - CORE/src/View/View.php, line 972
Cake\View\View::renderLayout() - CORE/src/View/View.php, line 643
Cake\View\View::render() - CORE/src/View/View.php, line 601
Cake\Controller\Controller::render() - CORE/src/Controller/Controller.php, line 623
Cake\Http\ActionDispatcher::_invoke() - CORE/src/Http/ActionDispatcher.php, line 125
Cake\Http\ActionDispatcher::dispatch() - CORE/src/Http/ActionDispatcher.php, line 93
Cake\Http\BaseApplication::__invoke() - CORE/src/Http/BaseApplication.php, line 78
Cake\Http\Runner::__invoke() - CORE/src/Http/Runner.php, line 65
Cake\Routing\Middleware\RoutingMiddleware::__invoke() - CORE/src/Routing/Middleware/RoutingMiddleware.php, line 59
Cake\Http\Runner::__invoke() - CORE/src/Http/Runner.php, line 65
Cake\Routing\Middleware\AssetMiddleware::__invoke() - CORE/src/Routing/Middleware/AssetMiddleware.php, line 88
Cake\Http\Runner::__invoke() - CORE/src/Http/Runner.php, line 65
Cake\Error\Middleware\ErrorHandlerMiddleware::__invoke() - CORE/src/Error/Middleware/ErrorHandlerMiddleware.php, line 92
Cake\Http\Runner::__invoke() - CORE/src/Http/Runner.php, line 65
Cake\Http\Runner::run() - CORE/src/Http/Runner.php, line 51
Cake\Http\Server::run() - CORE/src/Http/Server.php, line 80
[main] - ROOT/webroot/index.php, line 37



2017-07-05 20:55:02 Notice: Notice (8): Undefined variable: content_for_layout in [/home/hzhang3/public_html/src/Template/Layout/default.ctp, line 39]
Request URL: /
Client IP: 130.212.95.88
Trace:
Cake\Error\BaseErrorHandler::handleError() - CORE/src/Error/BaseErrorHandler.php, line 153
include - APP/Template/Layout/default.ctp, line 39
Cake\View\View::_evaluate() - CORE/src/View/View.php, line 1011
Cake\View\View::_render() - CORE/src/View/View.php, line 972
Cake\View\View::renderLayout() - CORE/src/View/View.php, line 643
Cake\View\View::render() - CORE/src/View/View.php, line 601
Cake\Controller\Controller::render() - CORE/src/Controller/Controller.php, line 623
Cake\Http\ActionDispatcher::_invoke() - CORE/src/Http/ActionDispatcher.php, line 125
Cake\Http\ActionDispatcher::dispatch() - CORE/src/Http/ActionDispatcher.php, line 93
Cake\Http\BaseApplication::__invoke() - CORE/src/Http/BaseApplication.php, line 78
Cake\Http\Runner::__invoke() - CORE/src/Http/Runner.php, line 65
Cake\Routing\Middleware\RoutingMiddleware::__invoke() - CORE/src/Routing/Middleware/RoutingMiddleware.php, line 59
Cake\Http\Runner::__invoke() - CORE/src/Http/Runner.php, line 65
Cake\Routing\Middleware\AssetMiddleware::__invoke() - CORE/src/Routing/Middleware/AssetMiddleware.php, line 88
Cake\Http\Runner::__invoke() - CORE/src/Http/Runner.php, line 65
Cake\Error\Middleware\ErrorHandlerMiddleware::__invoke() - CORE/src/Error/Middleware/ErrorHandlerMiddleware.php, line 92
Cake\Http\Runner::__invoke() - CORE/src/Http/Runner.php, line 65
Cake\Http\Runner::run() - CORE/src/Http/Runner.php, line 51
Cake\Http\Server::run() - CORE/src/Http/Server.php, line 80
[main] - ROOT/webroot/index.php, line 37



2017-07-05 20:56:20 Notice: Notice (8): Undefined variable: content_for_layout in [/home/hzhang3/public_html/src/Template/Layout/default.ctp, line 39]
Request URL: /
Client IP: 130.212.95.88
Trace:
Cake\Error\BaseErrorHandler::handleError() - CORE/src/Error/BaseErrorHandler.php, line 153
include - APP/Template/Layout/default.ctp, line 39
Cake\View\View::_evaluate() - CORE/src/View/View.php, line 1011
Cake\View\View::_render() - CORE/src/View/View.php, line 972
Cake\View\View::renderLayout() - CORE/src/View/View.php, line 643
Cake\View\View::render() - CORE/src/View/View.php, line 601
Cake\Controller\Controller::render() - CORE/src/Controller/Controller.php, line 623
Cake\Http\ActionDispatcher::_invoke() - CORE/src/Http/ActionDispatcher.php, line 125
Cake\Http\ActionDispatcher::dispatch() - CORE/src/Http/ActionDispatcher.php, line 93
Cake\Http\BaseApplication::__invoke() - CORE/src/Http/BaseApplication.php, line 78
Cake\Http\Runner::__invoke() - CORE/src/Http/Runner.php, line 65
Cake\Routing\Middleware\RoutingMiddleware::__invoke() - CORE/src/Routing/Middleware/RoutingMiddleware.php, line 59
Cake\Http\Runner::__invoke() - CORE/src/Http/Runner.php, line 65
Cake\Routing\Middleware\AssetMiddleware::__invoke() - CORE/src/Routing/Middleware/AssetMiddleware.php, line 88
Cake\Http\Runner::__invoke() - CORE/src/Http/Runner.php, line 65
Cake\Error\Middleware\ErrorHandlerMiddleware::__invoke() - CORE/src/Error/Middleware/ErrorHandlerMiddleware.php, line 92
Cake\Http\Runner::__invoke() - CORE/src/Http/Runner.php, line 65
Cake\Http\Runner::run() - CORE/src/Http/Runner.php, line 51
Cake\Http\Server::run() - CORE/src/Http/Server.php, line 80
[main] - ROOT/webroot/index.php, line 37



2017-07-05 21:01:22 Notice: Notice (8): Undefined variable: content_for_layout in [/home/hzhang3/public_html/src/Template/Layout/default.ctp, line 39]
Request URL: /
Client IP: 130.212.95.88
Trace:
Cake\Error\BaseErrorHandler::handleError() - CORE/src/Error/BaseErrorHandler.php, line 153
include - APP/Template/Layout/default.ctp, line 39
Cake\View\View::_evaluate() - CORE/src/View/View.php, line 1011
Cake\View\View::_render() - CORE/src/View/View.php, line 972
Cake\View\View::renderLayout() - CORE/src/View/View.php, line 643
Cake\View\View::render() - CORE/src/View/View.php, line 601
Cake\Controller\Controller::render() - CORE/src/Controller/Controller.php, line 623
Cake\Http\ActionDispatcher::_invoke() - CORE/src/Http/ActionDispatcher.php, line 125
Cake\Http\ActionDispatcher::dispatch() - CORE/src/Http/ActionDispatcher.php, line 93
Cake\Http\BaseApplication::__invoke() - CORE/src/Http/BaseApplication.php, line 78
Cake\Http\Runner::__invoke() - CORE/src/Http/Runner.php, line 65
Cake\Routing\Middleware\RoutingMiddleware::__invoke() - CORE/src/Routing/Middleware/RoutingMiddleware.php, line 59
Cake\Http\Runner::__invoke() - CORE/src/Http/Runner.php, line 65
Cake\Routing\Middleware\AssetMiddleware::__invoke() - CORE/src/Routing/Middleware/AssetMiddleware.php, line 88
Cake\Http\Runner::__invoke() - CORE/src/Http/Runner.php, line 65
Cake\Error\Middleware\ErrorHandlerMiddleware::__invoke() - CORE/src/Error/Middleware/ErrorHandlerMiddleware.php, line 92
Cake\Http\Runner::__invoke() - CORE/src/Http/Runner.php, line 65
Cake\Http\Runner::run() - CORE/src/Http/Runner.php, line 51
Cake\Http\Server::run() - CORE/src/Http/Server.php, line 80
[main] - ROOT/webroot/index.php, line 37



