2017-06-17 02:44:36 Warning: DebugKit not enabled. You need to either install pdo_sqlite, or define the "debug_kit" connection name.
2017-06-17 03:11:13 Warning: DebugKit not enabled. You need to either install pdo_sqlite, or define the "debug_kit" connection name.
2017-06-17 03:11:14 Warning: DebugKit not enabled. You need to either install pdo_sqlite, or define the "debug_kit" connection name.
2017-06-17 03:12:29 Warning: DebugKit not enabled. You need to either install pdo_sqlite, or define the "debug_kit" connection name.
2017-06-17 03:12:43 Warning: DebugKit not enabled. You need to either install pdo_sqlite, or define the "debug_kit" connection name.
2017-06-17 03:12:58 Warning: DebugKit not enabled. You need to either install pdo_sqlite, or define the "debug_kit" connection name.
2017-06-17 03:12:59 Warning: DebugKit not enabled. You need to either install pdo_sqlite, or define the "debug_kit" connection name.
2017-06-17 03:13:45 Warning: DebugKit not enabled. You need to either install pdo_sqlite, or define the "debug_kit" connection name.
2017-06-17 03:13:45 Error: [Cake\Routing\Exception\MissingControllerException] Controller class ~su17g05 could not be found.
Exception Attributes: array (
  'class' => '~su17g05',
  'plugin' => false,
  'prefix' => false,
  '_ext' => false,
)
Request URL: /~su17g05/
Stack Trace:
#0 /home/su17g05/public_html/app/vendor/cakephp/cakephp/src/Http/ControllerFactory.php(65): Cake\Http\ControllerFactory->missingController(Object(Cake\Http\ServerRequest))
#1 /home/su17g05/public_html/app/vendor/cakephp/cakephp/src/Http/ActionDispatcher.php(90): Cake\Http\ControllerFactory->create(Object(Cake\Http\ServerRequest), Object(Cake\Http\Response))
#2 /home/su17g05/public_html/app/vendor/cakephp/cakephp/src/Http/BaseApplication.php(78): Cake\Http\ActionDispatcher->dispatch(Object(Cake\Http\ServerRequest), Object(Cake\Http\Response))
#3 /home/su17g05/public_html/app/vendor/cakephp/cakephp/src/Http/Runner.php(65): Cake\Http\BaseApplication->__invoke(Object(Cake\Http\ServerRequest), Object(Cake\Http\Response), Object(Cake\Http\Runner))
#4 /home/su17g05/public_html/app/vendor/cakephp/cakephp/src/Routing/Middleware/RoutingMiddleware.php(59): Cake\Http\Runner->__invoke(Object(Cake\Http\ServerRequest), Object(Cake\Http\Response))
#5 /home/su17g05/public_html/app/vendor/cakephp/cakephp/src/Http/Runner.php(65): Cake\Routing\Middleware\RoutingMiddleware->__invoke(Object(Cake\Http\ServerRequest), Object(Cake\Http\Response), Object(Cake\Http\Runner))
#6 /home/su17g05/public_html/app/vendor/cakephp/cakephp/src/Routing/Middleware/AssetMiddleware.php(88): Cake\Http\Runner->__invoke(Object(Cake\Http\ServerRequest), Object(Cake\Http\Response))
#7 /home/su17g05/public_html/app/vendor/cakephp/cakephp/src/Http/Runner.php(65): Cake\Routing\Middleware\AssetMiddleware->__invoke(Object(Cake\Http\ServerRequest), Object(Cake\Http\Response), Object(Cake\Http\Runner))
#8 /home/su17g05/public_html/app/vendor/cakephp/cakephp/src/Error/Middleware/ErrorHandlerMiddleware.php(92): Cake\Http\Runner->__invoke(Object(Cake\Http\ServerRequest), Object(Cake\Http\Response))
#9 /home/su17g05/public_html/app/vendor/cakephp/cakephp/src/Http/Runner.php(65): Cake\Error\Middleware\ErrorHandlerMiddleware->__invoke(Object(Cake\Http\ServerRequest), Object(Cake\Http\Response), Object(Cake\Http\Runner))
#10 /home/su17g05/public_html/app/vendor/cakephp/cakephp/src/Http/Runner.php(51): Cake\Http\Runner->__invoke(Object(Cake\Http\ServerRequest), Object(Cake\Http\Response))
#11 /home/su17g05/public_html/app/vendor/cakephp/cakephp/src/Http/Server.php(80): Cake\Http\Runner->run(Object(Cake\Http\MiddlewareQueue), Object(Cake\Http\ServerRequest), Object(Cake\Http\Response))
#12 /home/su17g05/public_html/app/webroot/index.php(37): Cake\Http\Server->run()
#13 {main}


2017-06-17 03:13:46 Warning: DebugKit not enabled. You need to either install pdo_sqlite, or define the "debug_kit" connection name.
2017-06-17 03:13:46 Error: [Cake\Routing\Exception\MissingControllerException] Controller class ~su17g05 could not be found.
Exception Attributes: array (
  'class' => '~su17g05',
  'plugin' => false,
  'prefix' => false,
  '_ext' => false,
)
Request URL: /~su17g05/
Stack Trace:
#0 /home/su17g05/public_html/app/vendor/cakephp/cakephp/src/Http/ControllerFactory.php(65): Cake\Http\ControllerFactory->missingController(Object(Cake\Http\ServerRequest))
#1 /home/su17g05/public_html/app/vendor/cakephp/cakephp/src/Http/ActionDispatcher.php(90): Cake\Http\ControllerFactory->create(Object(Cake\Http\ServerRequest), Object(Cake\Http\Response))
#2 /home/su17g05/public_html/app/vendor/cakephp/cakephp/src/Http/BaseApplication.php(78): Cake\Http\ActionDispatcher->dispatch(Object(Cake\Http\ServerRequest), Object(Cake\Http\Response))
#3 /home/su17g05/public_html/app/vendor/cakephp/cakephp/src/Http/Runner.php(65): Cake\Http\BaseApplication->__invoke(Object(Cake\Http\ServerRequest), Object(Cake\Http\Response), Object(Cake\Http\Runner))
#4 /home/su17g05/public_html/app/vendor/cakephp/cakephp/src/Routing/Middleware/RoutingMiddleware.php(59): Cake\Http\Runner->__invoke(Object(Cake\Http\ServerRequest), Object(Cake\Http\Response))
#5 /home/su17g05/public_html/app/vendor/cakephp/cakephp/src/Http/Runner.php(65): Cake\Routing\Middleware\RoutingMiddleware->__invoke(Object(Cake\Http\ServerRequest), Object(Cake\Http\Response), Object(Cake\Http\Runner))
#6 /home/su17g05/public_html/app/vendor/cakephp/cakephp/src/Routing/Middleware/AssetMiddleware.php(88): Cake\Http\Runner->__invoke(Object(Cake\Http\ServerRequest), Object(Cake\Http\Response))
#7 /home/su17g05/public_html/app/vendor/cakephp/cakephp/src/Http/Runner.php(65): Cake\Routing\Middleware\AssetMiddleware->__invoke(Object(Cake\Http\ServerRequest), Object(Cake\Http\Response), Object(Cake\Http\Runner))
#8 /home/su17g05/public_html/app/vendor/cakephp/cakephp/src/Error/Middleware/ErrorHandlerMiddleware.php(92): Cake\Http\Runner->__invoke(Object(Cake\Http\ServerRequest), Object(Cake\Http\Response))
#9 /home/su17g05/public_html/app/vendor/cakephp/cakephp/src/Http/Runner.php(65): Cake\Error\Middleware\ErrorHandlerMiddleware->__invoke(Object(Cake\Http\ServerRequest), Object(Cake\Http\Response), Object(Cake\Http\Runner))
#10 /home/su17g05/public_html/app/vendor/cakephp/cakephp/src/Http/Runner.php(51): Cake\Http\Runner->__invoke(Object(Cake\Http\ServerRequest), Object(Cake\Http\Response))
#11 /home/su17g05/public_html/app/vendor/cakephp/cakephp/src/Http/Server.php(80): Cake\Http\Runner->run(Object(Cake\Http\MiddlewareQueue), Object(Cake\Http\ServerRequest), Object(Cake\Http\Response))
#12 /home/su17g05/public_html/app/webroot/index.php(37): Cake\Http\Server->run()
#13 {main}


2017-06-17 03:15:52 Warning: DebugKit not enabled. You need to either install pdo_sqlite, or define the "debug_kit" connection name.
2017-06-17 03:16:37 Warning: DebugKit not enabled. You need to either install pdo_sqlite, or define the "debug_kit" connection name.
2017-06-17 03:17:57 Warning: DebugKit not enabled. You need to either install pdo_sqlite, or define the "debug_kit" connection name.
2017-06-17 03:17:59 Warning: DebugKit not enabled. You need to either install pdo_sqlite, or define the "debug_kit" connection name.
2017-06-17 03:18:02 Warning: DebugKit not enabled. You need to either install pdo_sqlite, or define the "debug_kit" connection name.
2017-06-17 03:21:25 Warning: DebugKit not enabled. You need to either install pdo_sqlite, or define the "debug_kit" connection name.
2017-06-17 03:23:10 Warning: DebugKit not enabled. You need to either install pdo_sqlite, or define the "debug_kit" connection name.
2017-06-17 03:23:11 Warning: DebugKit not enabled. You need to either install pdo_sqlite, or define the "debug_kit" connection name.
2017-06-17 03:23:11 Warning: DebugKit not enabled. You need to either install pdo_sqlite, or define the "debug_kit" connection name.
2017-06-17 03:23:16 Warning: DebugKit not enabled. You need to either install pdo_sqlite, or define the "debug_kit" connection name.
2017-06-17 03:26:49 Warning: DebugKit not enabled. You need to either install pdo_sqlite, or define the "debug_kit" connection name.
2017-06-17 03:26:51 Warning: DebugKit not enabled. You need to either install pdo_sqlite, or define the "debug_kit" connection name.
2017-06-17 03:26:55 Warning: DebugKit not enabled. You need to either install pdo_sqlite, or define the "debug_kit" connection name.
2017-06-17 03:27:49 Warning: DebugKit not enabled. You need to either install pdo_sqlite, or define the "debug_kit" connection name.
2017-06-17 03:27:50 Warning: DebugKit not enabled. You need to either install pdo_sqlite, or define the "debug_kit" connection name.
2017-06-17 03:28:18 Warning: DebugKit not enabled. You need to either install pdo_sqlite, or define the "debug_kit" connection name.
2017-06-17 03:28:19 Warning: DebugKit not enabled. You need to either install pdo_sqlite, or define the "debug_kit" connection name.
2017-06-17 03:28:24 Warning: DebugKit not enabled. You need to either install pdo_sqlite, or define the "debug_kit" connection name.
2017-06-17 03:29:54 Warning: DebugKit not enabled. You need to either install pdo_sqlite, or define the "debug_kit" connection name.
2017-06-17 03:30:00 Warning: DebugKit not enabled. You need to either install pdo_sqlite, or define the "debug_kit" connection name.
2017-06-17 03:30:12 Warning: DebugKit not enabled. You need to either install pdo_sqlite, or define the "debug_kit" connection name.
2017-06-17 03:30:13 Warning: DebugKit not enabled. You need to either install pdo_sqlite, or define the "debug_kit" connection name.
2017-06-17 03:30:20 Warning: DebugKit not enabled. You need to either install pdo_sqlite, or define the "debug_kit" connection name.
2017-06-17 03:30:21 Warning: DebugKit not enabled. You need to either install pdo_sqlite, or define the "debug_kit" connection name.
2017-06-17 04:04:35 Warning: DebugKit not enabled. You need to either install pdo_sqlite, or define the "debug_kit" connection name.
2017-06-17 04:04:35 Warning: DebugKit not enabled. You need to either install pdo_sqlite, or define the "debug_kit" connection name.
2017-06-17 04:04:44 Warning: DebugKit not enabled. You need to either install pdo_sqlite, or define the "debug_kit" connection name.
2017-06-17 04:05:01 Warning: DebugKit not enabled. You need to either install pdo_sqlite, or define the "debug_kit" connection name.
2017-06-17 04:05:27 Warning: DebugKit not enabled. You need to either install pdo_sqlite, or define the "debug_kit" connection name.
2017-06-17 04:05:33 Warning: DebugKit not enabled. You need to either install pdo_sqlite, or define the "debug_kit" connection name.
2017-06-17 04:05:33 Error: [Cake\View\Exception\MissingTemplateException] Template file "Pages/home/home.ctp" is missing.
Exception Attributes: array (
  'file' => 'Pages/home/home.ctp',
)
Request URL: /pages/home
Stack Trace:
#0 /home/su17g05/public_html/vendor/cakephp/cakephp/src/View/View.php(592): Cake\View\View->_getViewFileName('Pages/home/home')
#1 /home/su17g05/public_html/vendor/cakephp/cakephp/src/Controller/Controller.php(623): Cake\View\View->render('home/home', NULL)
#2 /home/su17g05/public_html/src/Controller/PagesController.php(61): Cake\Controller\Controller->render('home/home')
#3 /home/su17g05/public_html/vendor/cakephp/cakephp/src/Controller/Controller.php(440): App\Controller\PagesController->display('home', 'home')
#4 /home/su17g05/public_html/vendor/cakephp/cakephp/src/Http/ActionDispatcher.php(119): Cake\Controller\Controller->invokeAction()
#5 /home/su17g05/public_html/vendor/cakephp/cakephp/src/Http/ActionDispatcher.php(93): Cake\Http\ActionDispatcher->_invoke(Object(App\Controller\PagesController))
#6 /home/su17g05/public_html/vendor/cakephp/cakephp/src/Http/BaseApplication.php(78): Cake\Http\ActionDispatcher->dispatch(Object(Cake\Http\ServerRequest), Object(Cake\Http\Response))
#7 /home/su17g05/public_html/vendor/cakephp/cakephp/src/Http/Runner.php(65): Cake\Http\BaseApplication->__invoke(Object(Cake\Http\ServerRequest), Object(Cake\Http\Response), Object(Cake\Http\Runner))
#8 /home/su17g05/public_html/vendor/cakephp/cakephp/src/Routing/Middleware/RoutingMiddleware.php(59): Cake\Http\Runner->__invoke(Object(Cake\Http\ServerRequest), Object(Cake\Http\Response))
#9 /home/su17g05/public_html/vendor/cakephp/cakephp/src/Http/Runner.php(65): Cake\Routing\Middleware\RoutingMiddleware->__invoke(Object(Cake\Http\ServerRequest), Object(Cake\Http\Response), Object(Cake\Http\Runner))
#10 /home/su17g05/public_html/vendor/cakephp/cakephp/src/Routing/Middleware/AssetMiddleware.php(88): Cake\Http\Runner->__invoke(Object(Cake\Http\ServerRequest), Object(Cake\Http\Response))
#11 /home/su17g05/public_html/vendor/cakephp/cakephp/src/Http/Runner.php(65): Cake\Routing\Middleware\AssetMiddleware->__invoke(Object(Cake\Http\ServerRequest), Object(Cake\Http\Response), Object(Cake\Http\Runner))
#12 /home/su17g05/public_html/vendor/cakephp/cakephp/src/Error/Middleware/ErrorHandlerMiddleware.php(92): Cake\Http\Runner->__invoke(Object(Cake\Http\ServerRequest), Object(Cake\Http\Response))
#13 /home/su17g05/public_html/vendor/cakephp/cakephp/src/Http/Runner.php(65): Cake\Error\Middleware\ErrorHandlerMiddleware->__invoke(Object(Cake\Http\ServerRequest), Object(Cake\Http\Response), Object(Cake\Http\Runner))
#14 /home/su17g05/public_html/vendor/cakephp/cakephp/src/Http/Runner.php(51): Cake\Http\Runner->__invoke(Object(Cake\Http\ServerRequest), Object(Cake\Http\Response))
#15 /home/su17g05/public_html/vendor/cakephp/cakephp/src/Http/Server.php(80): Cake\Http\Runner->run(Object(Cake\Http\MiddlewareQueue), Object(Cake\Http\ServerRequest), Object(Cake\Http\Response))
#16 /home/su17g05/public_html/webroot/index.php(37): Cake\Http\Server->run()
#17 {main}


2017-06-17 04:05:35 Warning: DebugKit not enabled. You need to either install pdo_sqlite, or define the "debug_kit" connection name.
2017-06-17 04:05:36 Warning: DebugKit not enabled. You need to either install pdo_sqlite, or define the "debug_kit" connection name.
2017-06-17 04:05:36 Error: [Cake\View\Exception\MissingTemplateException] Template file "Pages/home/home.ctp" is missing.
Exception Attributes: array (
  'file' => 'Pages/home/home.ctp',
)
Request URL: /pages/home
Stack Trace:
#0 /home/su17g05/public_html/vendor/cakephp/cakephp/src/View/View.php(592): Cake\View\View->_getViewFileName('Pages/home/home')
#1 /home/su17g05/public_html/vendor/cakephp/cakephp/src/Controller/Controller.php(623): Cake\View\View->render('home/home', NULL)
#2 /home/su17g05/public_html/src/Controller/PagesController.php(61): Cake\Controller\Controller->render('home/home')
#3 /home/su17g05/public_html/vendor/cakephp/cakephp/src/Controller/Controller.php(440): App\Controller\PagesController->display('home', 'home')
#4 /home/su17g05/public_html/vendor/cakephp/cakephp/src/Http/ActionDispatcher.php(119): Cake\Controller\Controller->invokeAction()
#5 /home/su17g05/public_html/vendor/cakephp/cakephp/src/Http/ActionDispatcher.php(93): Cake\Http\ActionDispatcher->_invoke(Object(App\Controller\PagesController))
#6 /home/su17g05/public_html/vendor/cakephp/cakephp/src/Http/BaseApplication.php(78): Cake\Http\ActionDispatcher->dispatch(Object(Cake\Http\ServerRequest), Object(Cake\Http\Response))
#7 /home/su17g05/public_html/vendor/cakephp/cakephp/src/Http/Runner.php(65): Cake\Http\BaseApplication->__invoke(Object(Cake\Http\ServerRequest), Object(Cake\Http\Response), Object(Cake\Http\Runner))
#8 /home/su17g05/public_html/vendor/cakephp/cakephp/src/Routing/Middleware/RoutingMiddleware.php(59): Cake\Http\Runner->__invoke(Object(Cake\Http\ServerRequest), Object(Cake\Http\Response))
#9 /home/su17g05/public_html/vendor/cakephp/cakephp/src/Http/Runner.php(65): Cake\Routing\Middleware\RoutingMiddleware->__invoke(Object(Cake\Http\ServerRequest), Object(Cake\Http\Response), Object(Cake\Http\Runner))
#10 /home/su17g05/public_html/vendor/cakephp/cakephp/src/Routing/Middleware/AssetMiddleware.php(88): Cake\Http\Runner->__invoke(Object(Cake\Http\ServerRequest), Object(Cake\Http\Response))
#11 /home/su17g05/public_html/vendor/cakephp/cakephp/src/Http/Runner.php(65): Cake\Routing\Middleware\AssetMiddleware->__invoke(Object(Cake\Http\ServerRequest), Object(Cake\Http\Response), Object(Cake\Http\Runner))
#12 /home/su17g05/public_html/vendor/cakephp/cakephp/src/Error/Middleware/ErrorHandlerMiddleware.php(92): Cake\Http\Runner->__invoke(Object(Cake\Http\ServerRequest), Object(Cake\Http\Response))
#13 /home/su17g05/public_html/vendor/cakephp/cakephp/src/Http/Runner.php(65): Cake\Error\Middleware\ErrorHandlerMiddleware->__invoke(Object(Cake\Http\ServerRequest), Object(Cake\Http\Response), Object(Cake\Http\Runner))
#14 /home/su17g05/public_html/vendor/cakephp/cakephp/src/Http/Runner.php(51): Cake\Http\Runner->__invoke(Object(Cake\Http\ServerRequest), Object(Cake\Http\Response))
#15 /home/su17g05/public_html/vendor/cakephp/cakephp/src/Http/Server.php(80): Cake\Http\Runner->run(Object(Cake\Http\MiddlewareQueue), Object(Cake\Http\ServerRequest), Object(Cake\Http\Response))
#16 /home/su17g05/public_html/webroot/index.php(37): Cake\Http\Server->run()
#17 {main}


2017-06-17 04:05:38 Warning: DebugKit not enabled. You need to either install pdo_sqlite, or define the "debug_kit" connection name.
2017-06-17 04:09:26 Warning: DebugKit not enabled. You need to either install pdo_sqlite, or define the "debug_kit" connection name.
2017-06-17 04:09:27 Warning: DebugKit not enabled. You need to either install pdo_sqlite, or define the "debug_kit" connection name.
2017-06-17 04:11:01 Warning: DebugKit not enabled. You need to either install pdo_sqlite, or define the "debug_kit" connection name.
2017-06-17 04:15:41 Warning: DebugKit not enabled. You need to either install pdo_sqlite, or define the "debug_kit" connection name.
2017-06-17 04:23:26 Warning: DebugKit not enabled. You need to either install pdo_sqlite, or define the "debug_kit" connection name.
2017-06-17 04:23:32 Warning: DebugKit not enabled. You need to either install pdo_sqlite, or define the "debug_kit" connection name.
2017-06-17 04:23:48 Warning: DebugKit not enabled. You need to either install pdo_sqlite, or define the "debug_kit" connection name.
2017-06-17 04:27:06 Warning: DebugKit not enabled. You need to either install pdo_sqlite, or define the "debug_kit" connection name.
2017-06-17 04:29:28 Warning: DebugKit not enabled. You need to either install pdo_sqlite, or define the "debug_kit" connection name.
2017-06-17 04:33:23 Warning: DebugKit not enabled. You need to either install pdo_sqlite, or define the "debug_kit" connection name.
2017-06-17 04:33:26 Warning: DebugKit not enabled. You need to either install pdo_sqlite, or define the "debug_kit" connection name.
2017-06-17 04:33:31 Warning: DebugKit not enabled. You need to either install pdo_sqlite, or define the "debug_kit" connection name.
2017-06-17 04:33:37 Warning: DebugKit not enabled. You need to either install pdo_sqlite, or define the "debug_kit" connection name.
2017-06-17 04:39:02 Warning: DebugKit not enabled. You need to either install pdo_sqlite, or define the "debug_kit" connection name.
2017-06-17 04:39:04 Warning: DebugKit not enabled. You need to either install pdo_sqlite, or define the "debug_kit" connection name.
2017-06-17 04:39:05 Warning: DebugKit not enabled. You need to either install pdo_sqlite, or define the "debug_kit" connection name.
2017-06-17 04:39:06 Warning: DebugKit not enabled. You need to either install pdo_sqlite, or define the "debug_kit" connection name.
2017-06-17 04:51:37 Warning: DebugKit not enabled. You need to either install pdo_sqlite, or define the "debug_kit" connection name.
2017-06-17 04:51:38 Warning: DebugKit not enabled. You need to either install pdo_sqlite, or define the "debug_kit" connection name.
2017-06-17 04:57:24 Warning: DebugKit not enabled. You need to either install pdo_sqlite, or define the "debug_kit" connection name.
2017-06-19 20:57:47 Warning: DebugKit not enabled. You need to either install pdo_sqlite, or define the "debug_kit" connection name.
2017-06-19 20:57:50 Warning: DebugKit not enabled. You need to either install pdo_sqlite, or define the "debug_kit" connection name.
2017-06-19 21:00:12 Warning: DebugKit not enabled. You need to either install pdo_sqlite, or define the "debug_kit" connection name.
2017-06-19 21:25:40 Warning: DebugKit not enabled. You need to either install pdo_sqlite, or define the "debug_kit" connection name.
2017-06-19 21:29:11 Warning: DebugKit not enabled. You need to either install pdo_sqlite, or define the "debug_kit" connection name.
2017-06-19 21:29:31 Warning: DebugKit not enabled. You need to either install pdo_sqlite, or define the "debug_kit" connection name.
2017-06-19 21:30:15 Warning: DebugKit not enabled. You need to either install pdo_sqlite, or define the "debug_kit" connection name.
2017-06-19 21:30:15 Error: [Cake\Controller\Exception\MissingActionException] Action AboutController::cody() could not be found, or is not accessible.
Exception Attributes: array (
  'controller' => 'AboutController',
  'action' => 'cody',
  'prefix' => '',
  'plugin' => false,
)
Request URL: /about/cody
Referer URL: http://sfsuse.com/~cjackso5/
Stack Trace:
#0 /home/cjackso5/public_html/vendor/cakephp/cakephp/src/Http/ActionDispatcher.php(119): Cake\Controller\Controller->invokeAction()
#1 /home/cjackso5/public_html/vendor/cakephp/cakephp/src/Http/ActionDispatcher.php(93): Cake\Http\ActionDispatcher->_invoke(Object(App\Controller\AboutController))
#2 /home/cjackso5/public_html/vendor/cakephp/cakephp/src/Http/BaseApplication.php(78): Cake\Http\ActionDispatcher->dispatch(Object(Cake\Http\ServerRequest), Object(Cake\Http\Response))
#3 /home/cjackso5/public_html/vendor/cakephp/cakephp/src/Http/Runner.php(65): Cake\Http\BaseApplication->__invoke(Object(Cake\Http\ServerRequest), Object(Cake\Http\Response), Object(Cake\Http\Runner))
#4 /home/cjackso5/public_html/vendor/cakephp/cakephp/src/Routing/Middleware/RoutingMiddleware.php(59): Cake\Http\Runner->__invoke(Object(Cake\Http\ServerRequest), Object(Cake\Http\Response))
#5 /home/cjackso5/public_html/vendor/cakephp/cakephp/src/Http/Runner.php(65): Cake\Routing\Middleware\RoutingMiddleware->__invoke(Object(Cake\Http\ServerRequest), Object(Cake\Http\Response), Object(Cake\Http\Runner))
#6 /home/cjackso5/public_html/vendor/cakephp/cakephp/src/Routing/Middleware/AssetMiddleware.php(88): Cake\Http\Runner->__invoke(Object(Cake\Http\ServerRequest), Object(Cake\Http\Response))
#7 /home/cjackso5/public_html/vendor/cakephp/cakephp/src/Http/Runner.php(65): Cake\Routing\Middleware\AssetMiddleware->__invoke(Object(Cake\Http\ServerRequest), Object(Cake\Http\Response), Object(Cake\Http\Runner))
#8 /home/cjackso5/public_html/vendor/cakephp/cakephp/src/Error/Middleware/ErrorHandlerMiddleware.php(92): Cake\Http\Runner->__invoke(Object(Cake\Http\ServerRequest), Object(Cake\Http\Response))
#9 /home/cjackso5/public_html/vendor/cakephp/cakephp/src/Http/Runner.php(65): Cake\Error\Middleware\ErrorHandlerMiddleware->__invoke(Object(Cake\Http\ServerRequest), Object(Cake\Http\Response), Object(Cake\Http\Runner))
#10 /home/cjackso5/public_html/vendor/cakephp/cakephp/src/Http/Runner.php(51): Cake\Http\Runner->__invoke(Object(Cake\Http\ServerRequest), Object(Cake\Http\Response))
#11 /home/cjackso5/public_html/vendor/cakephp/cakephp/src/Http/Server.php(80): Cake\Http\Runner->run(Object(Cake\Http\MiddlewareQueue), Object(Cake\Http\ServerRequest), Object(Cake\Http\Response))
#12 /home/cjackso5/public_html/webroot/index.php(37): Cake\Http\Server->run()
#13 {main}


2017-06-19 21:35:39 Warning: DebugKit not enabled. You need to either install pdo_sqlite, or define the "debug_kit" connection name.
2017-06-19 21:36:12 Warning: DebugKit not enabled. You need to either install pdo_sqlite, or define the "debug_kit" connection name.
2017-06-19 21:36:16 Warning: DebugKit not enabled. You need to either install pdo_sqlite, or define the "debug_kit" connection name.
2017-06-19 21:36:36 Warning: DebugKit not enabled. You need to either install pdo_sqlite, or define the "debug_kit" connection name.
2017-06-19 21:36:36 Error: [Cake\Controller\Exception\MissingActionException] Action AboutController::cody() could not be found, or is not accessible.
Exception Attributes: array (
  'controller' => 'AboutController',
  'action' => 'cody',
  'prefix' => '',
  'plugin' => false,
)
Request URL: /about/cody
Referer URL: http://sfsuse.com/~cjackso5/
Stack Trace:
#0 /home/cjackso5/public_html/vendor/cakephp/cakephp/src/Http/ActionDispatcher.php(119): Cake\Controller\Controller->invokeAction()
#1 /home/cjackso5/public_html/vendor/cakephp/cakephp/src/Http/ActionDispatcher.php(93): Cake\Http\ActionDispatcher->_invoke(Object(App\Controller\AboutController))
#2 /home/cjackso5/public_html/vendor/cakephp/cakephp/src/Http/BaseApplication.php(78): Cake\Http\ActionDispatcher->dispatch(Object(Cake\Http\ServerRequest), Object(Cake\Http\Response))
#3 /home/cjackso5/public_html/vendor/cakephp/cakephp/src/Http/Runner.php(65): Cake\Http\BaseApplication->__invoke(Object(Cake\Http\ServerRequest), Object(Cake\Http\Response), Object(Cake\Http\Runner))
#4 /home/cjackso5/public_html/vendor/cakephp/cakephp/src/Routing/Middleware/RoutingMiddleware.php(59): Cake\Http\Runner->__invoke(Object(Cake\Http\ServerRequest), Object(Cake\Http\Response))
#5 /home/cjackso5/public_html/vendor/cakephp/cakephp/src/Http/Runner.php(65): Cake\Routing\Middleware\RoutingMiddleware->__invoke(Object(Cake\Http\ServerRequest), Object(Cake\Http\Response), Object(Cake\Http\Runner))
#6 /home/cjackso5/public_html/vendor/cakephp/cakephp/src/Routing/Middleware/AssetMiddleware.php(88): Cake\Http\Runner->__invoke(Object(Cake\Http\ServerRequest), Object(Cake\Http\Response))
#7 /home/cjackso5/public_html/vendor/cakephp/cakephp/src/Http/Runner.php(65): Cake\Routing\Middleware\AssetMiddleware->__invoke(Object(Cake\Http\ServerRequest), Object(Cake\Http\Response), Object(Cake\Http\Runner))
#8 /home/cjackso5/public_html/vendor/cakephp/cakephp/src/Error/Middleware/ErrorHandlerMiddleware.php(92): Cake\Http\Runner->__invoke(Object(Cake\Http\ServerRequest), Object(Cake\Http\Response))
#9 /home/cjackso5/public_html/vendor/cakephp/cakephp/src/Http/Runner.php(65): Cake\Error\Middleware\ErrorHandlerMiddleware->__invoke(Object(Cake\Http\ServerRequest), Object(Cake\Http\Response), Object(Cake\Http\Runner))
#10 /home/cjackso5/public_html/vendor/cakephp/cakephp/src/Http/Runner.php(51): Cake\Http\Runner->__invoke(Object(Cake\Http\ServerRequest), Object(Cake\Http\Response))
#11 /home/cjackso5/public_html/vendor/cakephp/cakephp/src/Http/Server.php(80): Cake\Http\Runner->run(Object(Cake\Http\MiddlewareQueue), Object(Cake\Http\ServerRequest), Object(Cake\Http\Response))
#12 /home/cjackso5/public_html/webroot/index.php(37): Cake\Http\Server->run()
#13 {main}


2017-06-19 21:36:42 Warning: DebugKit not enabled. You need to either install pdo_sqlite, or define the "debug_kit" connection name.
2017-06-19 21:36:42 Error: [Cake\Controller\Exception\MissingActionException] Action AboutController::cody() could not be found, or is not accessible.
Exception Attributes: array (
  'controller' => 'AboutController',
  'action' => 'cody',
  'prefix' => '',
  'plugin' => false,
)
Request URL: /about/cody
Referer URL: http://sfsuse.com/~cjackso5/
Stack Trace:
#0 /home/cjackso5/public_html/vendor/cakephp/cakephp/src/Http/ActionDispatcher.php(119): Cake\Controller\Controller->invokeAction()
#1 /home/cjackso5/public_html/vendor/cakephp/cakephp/src/Http/ActionDispatcher.php(93): Cake\Http\ActionDispatcher->_invoke(Object(App\Controller\AboutController))
#2 /home/cjackso5/public_html/vendor/cakephp/cakephp/src/Http/BaseApplication.php(78): Cake\Http\ActionDispatcher->dispatch(Object(Cake\Http\ServerRequest), Object(Cake\Http\Response))
#3 /home/cjackso5/public_html/vendor/cakephp/cakephp/src/Http/Runner.php(65): Cake\Http\BaseApplication->__invoke(Object(Cake\Http\ServerRequest), Object(Cake\Http\Response), Object(Cake\Http\Runner))
#4 /home/cjackso5/public_html/vendor/cakephp/cakephp/src/Routing/Middleware/RoutingMiddleware.php(59): Cake\Http\Runner->__invoke(Object(Cake\Http\ServerRequest), Object(Cake\Http\Response))
#5 /home/cjackso5/public_html/vendor/cakephp/cakephp/src/Http/Runner.php(65): Cake\Routing\Middleware\RoutingMiddleware->__invoke(Object(Cake\Http\ServerRequest), Object(Cake\Http\Response), Object(Cake\Http\Runner))
#6 /home/cjackso5/public_html/vendor/cakephp/cakephp/src/Routing/Middleware/AssetMiddleware.php(88): Cake\Http\Runner->__invoke(Object(Cake\Http\ServerRequest), Object(Cake\Http\Response))
#7 /home/cjackso5/public_html/vendor/cakephp/cakephp/src/Http/Runner.php(65): Cake\Routing\Middleware\AssetMiddleware->__invoke(Object(Cake\Http\ServerRequest), Object(Cake\Http\Response), Object(Cake\Http\Runner))
#8 /home/cjackso5/public_html/vendor/cakephp/cakephp/src/Error/Middleware/ErrorHandlerMiddleware.php(92): Cake\Http\Runner->__invoke(Object(Cake\Http\ServerRequest), Object(Cake\Http\Response))
#9 /home/cjackso5/public_html/vendor/cakephp/cakephp/src/Http/Runner.php(65): Cake\Error\Middleware\ErrorHandlerMiddleware->__invoke(Object(Cake\Http\ServerRequest), Object(Cake\Http\Response), Object(Cake\Http\Runner))
#10 /home/cjackso5/public_html/vendor/cakephp/cakephp/src/Http/Runner.php(51): Cake\Http\Runner->__invoke(Object(Cake\Http\ServerRequest), Object(Cake\Http\Response))
#11 /home/cjackso5/public_html/vendor/cakephp/cakephp/src/Http/Server.php(80): Cake\Http\Runner->run(Object(Cake\Http\MiddlewareQueue), Object(Cake\Http\ServerRequest), Object(Cake\Http\Response))
#12 /home/cjackso5/public_html/webroot/index.php(37): Cake\Http\Server->run()
#13 {main}


2017-06-19 21:38:45 Warning: DebugKit not enabled. You need to either install pdo_sqlite, or define the "debug_kit" connection name.
2017-06-19 21:39:02 Warning: DebugKit not enabled. You need to either install pdo_sqlite, or define the "debug_kit" connection name.
2017-06-19 21:40:28 Warning: DebugKit not enabled. You need to either install pdo_sqlite, or define the "debug_kit" connection name.
2017-06-19 21:52:25 Warning: DebugKit not enabled. You need to either install pdo_sqlite, or define the "debug_kit" connection name.
2017-06-19 21:52:26 Warning: DebugKit not enabled. You need to either install pdo_sqlite, or define the "debug_kit" connection name.
2017-06-19 21:52:28 Warning: DebugKit not enabled. You need to either install pdo_sqlite, or define the "debug_kit" connection name.
2017-06-19 21:52:29 Warning: DebugKit not enabled. You need to either install pdo_sqlite, or define the "debug_kit" connection name.
2017-06-19 21:53:32 Warning: DebugKit not enabled. You need to either install pdo_sqlite, or define the "debug_kit" connection name.
2017-06-19 21:53:58 Warning: DebugKit not enabled. You need to either install pdo_sqlite, or define the "debug_kit" connection name.
2017-06-19 21:54:00 Warning: DebugKit not enabled. You need to either install pdo_sqlite, or define the "debug_kit" connection name.
2017-06-19 23:00:43 Warning: DebugKit not enabled. You need to either install pdo_sqlite, or define the "debug_kit" connection name.
2017-06-21 20:39:48 Warning: DebugKit not enabled. You need to either install pdo_sqlite, or define the "debug_kit" connection name.
2017-06-21 20:39:50 Warning: DebugKit not enabled. You need to either install pdo_sqlite, or define the "debug_kit" connection name.
2017-06-21 20:40:39 Warning: DebugKit not enabled. You need to either install pdo_sqlite, or define the "debug_kit" connection name.
2017-06-21 20:40:39 Warning: DebugKit not enabled. You need to either install pdo_sqlite, or define the "debug_kit" connection name.
2017-06-21 20:40:39 Error: [Cake\Routing\Exception\MissingControllerException] Controller class Img could not be found.
Exception Attributes: array (
  'class' => 'Img',
  'plugin' => false,
  'prefix' => false,
  '_ext' => false,
)
Request URL: /img/img.png
Referer URL: http://www.sfsuse.com/~cjackso5/about/cody
Stack Trace:
#0 /home/cjackso5/public_html/vendor/cakephp/cakephp/src/Http/ControllerFactory.php(70): Cake\Http\ControllerFactory->missingController(Object(Cake\Http\ServerRequest))
#1 /home/cjackso5/public_html/vendor/cakephp/cakephp/src/Http/ActionDispatcher.php(90): Cake\Http\ControllerFactory->create(Object(Cake\Http\ServerRequest), Object(Cake\Http\Response))
#2 /home/cjackso5/public_html/vendor/cakephp/cakephp/src/Http/BaseApplication.php(78): Cake\Http\ActionDispatcher->dispatch(Object(Cake\Http\ServerRequest), Object(Cake\Http\Response))
#3 /home/cjackso5/public_html/vendor/cakephp/cakephp/src/Http/Runner.php(65): Cake\Http\BaseApplication->__invoke(Object(Cake\Http\ServerRequest), Object(Cake\Http\Response), Object(Cake\Http\Runner))
#4 /home/cjackso5/public_html/vendor/cakephp/cakephp/src/Routing/Middleware/RoutingMiddleware.php(59): Cake\Http\Runner->__invoke(Object(Cake\Http\ServerRequest), Object(Cake\Http\Response))
#5 /home/cjackso5/public_html/vendor/cakephp/cakephp/src/Http/Runner.php(65): Cake\Routing\Middleware\RoutingMiddleware->__invoke(Object(Cake\Http\ServerRequest), Object(Cake\Http\Response), Object(Cake\Http\Runner))
#6 /home/cjackso5/public_html/vendor/cakephp/cakephp/src/Routing/Middleware/AssetMiddleware.php(93): Cake\Http\Runner->__invoke(Object(Cake\Http\ServerRequest), Object(Cake\Http\Response))
#7 /home/cjackso5/public_html/vendor/cakephp/cakephp/src/Http/Runner.php(65): Cake\Routing\Middleware\AssetMiddleware->__invoke(Object(Cake\Http\ServerRequest), Object(Cake\Http\Response), Object(Cake\Http\Runner))
#8 /home/cjackso5/public_html/vendor/cakephp/cakephp/src/Error/Middleware/ErrorHandlerMiddleware.php(92): Cake\Http\Runner->__invoke(Object(Cake\Http\ServerRequest), Object(Cake\Http\Response))
#9 /home/cjackso5/public_html/vendor/cakephp/cakephp/src/Http/Runner.php(65): Cake\Error\Middleware\ErrorHandlerMiddleware->__invoke(Object(Cake\Http\ServerRequest), Object(Cake\Http\Response), Object(Cake\Http\Runner))
#10 /home/cjackso5/public_html/vendor/cakephp/cakephp/src/Http/Runner.php(51): Cake\Http\Runner->__invoke(Object(Cake\Http\ServerRequest), Object(Cake\Http\Response))
#11 /home/cjackso5/public_html/vendor/cakephp/cakephp/src/Http/Server.php(80): Cake\Http\Runner->run(Object(Cake\Http\MiddlewareQueue), Object(Cake\Http\ServerRequest), Object(Cake\Http\Response))
#12 /home/cjackso5/public_html/webroot/index.php(37): Cake\Http\Server->run()
#13 {main}


2017-06-21 20:40:40 Warning: DebugKit not enabled. You need to either install pdo_sqlite, or define the "debug_kit" connection name.
2017-06-21 20:40:40 Warning: DebugKit not enabled. You need to either install pdo_sqlite, or define the "debug_kit" connection name.
2017-06-21 20:40:40 Error: [Cake\Routing\Exception\MissingControllerException] Controller class Img could not be found.
Exception Attributes: array (
  'class' => 'Img',
  'plugin' => false,
  'prefix' => false,
  '_ext' => false,
)
Request URL: /img/img.png
Referer URL: http://www.sfsuse.com/~cjackso5/about/cody
Stack Trace:
#0 /home/cjackso5/public_html/vendor/cakephp/cakephp/src/Http/ControllerFactory.php(70): Cake\Http\ControllerFactory->missingController(Object(Cake\Http\ServerRequest))
#1 /home/cjackso5/public_html/vendor/cakephp/cakephp/src/Http/ActionDispatcher.php(90): Cake\Http\ControllerFactory->create(Object(Cake\Http\ServerRequest), Object(Cake\Http\Response))
#2 /home/cjackso5/public_html/vendor/cakephp/cakephp/src/Http/BaseApplication.php(78): Cake\Http\ActionDispatcher->dispatch(Object(Cake\Http\ServerRequest), Object(Cake\Http\Response))
#3 /home/cjackso5/public_html/vendor/cakephp/cakephp/src/Http/Runner.php(65): Cake\Http\BaseApplication->__invoke(Object(Cake\Http\ServerRequest), Object(Cake\Http\Response), Object(Cake\Http\Runner))
#4 /home/cjackso5/public_html/vendor/cakephp/cakephp/src/Routing/Middleware/RoutingMiddleware.php(59): Cake\Http\Runner->__invoke(Object(Cake\Http\ServerRequest), Object(Cake\Http\Response))
#5 /home/cjackso5/public_html/vendor/cakephp/cakephp/src/Http/Runner.php(65): Cake\Routing\Middleware\RoutingMiddleware->__invoke(Object(Cake\Http\ServerRequest), Object(Cake\Http\Response), Object(Cake\Http\Runner))
#6 /home/cjackso5/public_html/vendor/cakephp/cakephp/src/Routing/Middleware/AssetMiddleware.php(93): Cake\Http\Runner->__invoke(Object(Cake\Http\ServerRequest), Object(Cake\Http\Response))
#7 /home/cjackso5/public_html/vendor/cakephp/cakephp/src/Http/Runner.php(65): Cake\Routing\Middleware\AssetMiddleware->__invoke(Object(Cake\Http\ServerRequest), Object(Cake\Http\Response), Object(Cake\Http\Runner))
#8 /home/cjackso5/public_html/vendor/cakephp/cakephp/src/Error/Middleware/ErrorHandlerMiddleware.php(92): Cake\Http\Runner->__invoke(Object(Cake\Http\ServerRequest), Object(Cake\Http\Response))
#9 /home/cjackso5/public_html/vendor/cakephp/cakephp/src/Http/Runner.php(65): Cake\Error\Middleware\ErrorHandlerMiddleware->__invoke(Object(Cake\Http\ServerRequest), Object(Cake\Http\Response), Object(Cake\Http\Runner))
#10 /home/cjackso5/public_html/vendor/cakephp/cakephp/src/Http/Runner.php(51): Cake\Http\Runner->__invoke(Object(Cake\Http\ServerRequest), Object(Cake\Http\Response))
#11 /home/cjackso5/public_html/vendor/cakephp/cakephp/src/Http/Server.php(80): Cake\Http\Runner->run(Object(Cake\Http\MiddlewareQueue), Object(Cake\Http\ServerRequest), Object(Cake\Http\Response))
#12 /home/cjackso5/public_html/webroot/index.php(37): Cake\Http\Server->run()
#13 {main}


2017-06-21 20:41:47 Warning: DebugKit not enabled. You need to either install pdo_sqlite, or define the "debug_kit" connection name.
2017-06-21 20:41:47 Warning: DebugKit not enabled. You need to either install pdo_sqlite, or define the "debug_kit" connection name.
2017-06-21 20:41:47 Error: [Cake\Routing\Exception\MissingControllerException] Controller class Img could not be found.
Exception Attributes: array (
  'class' => 'Img',
  'plugin' => false,
  'prefix' => false,
  '_ext' => false,
)
Request URL: /img/img.png
Referer URL: http://www.sfsuse.com/~cjackso5/about/cody
Stack Trace:
#0 /home/cjackso5/public_html/vendor/cakephp/cakephp/src/Http/ControllerFactory.php(70): Cake\Http\ControllerFactory->missingController(Object(Cake\Http\ServerRequest))
#1 /home/cjackso5/public_html/vendor/cakephp/cakephp/src/Http/ActionDispatcher.php(90): Cake\Http\ControllerFactory->create(Object(Cake\Http\ServerRequest), Object(Cake\Http\Response))
#2 /home/cjackso5/public_html/vendor/cakephp/cakephp/src/Http/BaseApplication.php(78): Cake\Http\ActionDispatcher->dispatch(Object(Cake\Http\ServerRequest), Object(Cake\Http\Response))
#3 /home/cjackso5/public_html/vendor/cakephp/cakephp/src/Http/Runner.php(65): Cake\Http\BaseApplication->__invoke(Object(Cake\Http\ServerRequest), Object(Cake\Http\Response), Object(Cake\Http\Runner))
#4 /home/cjackso5/public_html/vendor/cakephp/cakephp/src/Routing/Middleware/RoutingMiddleware.php(59): Cake\Http\Runner->__invoke(Object(Cake\Http\ServerRequest), Object(Cake\Http\Response))
#5 /home/cjackso5/public_html/vendor/cakephp/cakephp/src/Http/Runner.php(65): Cake\Routing\Middleware\RoutingMiddleware->__invoke(Object(Cake\Http\ServerRequest), Object(Cake\Http\Response), Object(Cake\Http\Runner))
#6 /home/cjackso5/public_html/vendor/cakephp/cakephp/src/Routing/Middleware/AssetMiddleware.php(93): Cake\Http\Runner->__invoke(Object(Cake\Http\ServerRequest), Object(Cake\Http\Response))
#7 /home/cjackso5/public_html/vendor/cakephp/cakephp/src/Http/Runner.php(65): Cake\Routing\Middleware\AssetMiddleware->__invoke(Object(Cake\Http\ServerRequest), Object(Cake\Http\Response), Object(Cake\Http\Runner))
#8 /home/cjackso5/public_html/vendor/cakephp/cakephp/src/Error/Middleware/ErrorHandlerMiddleware.php(92): Cake\Http\Runner->__invoke(Object(Cake\Http\ServerRequest), Object(Cake\Http\Response))
#9 /home/cjackso5/public_html/vendor/cakephp/cakephp/src/Http/Runner.php(65): Cake\Error\Middleware\ErrorHandlerMiddleware->__invoke(Object(Cake\Http\ServerRequest), Object(Cake\Http\Response), Object(Cake\Http\Runner))
#10 /home/cjackso5/public_html/vendor/cakephp/cakephp/src/Http/Runner.php(51): Cake\Http\Runner->__invoke(Object(Cake\Http\ServerRequest), Object(Cake\Http\Response))
#11 /home/cjackso5/public_html/vendor/cakephp/cakephp/src/Http/Server.php(80): Cake\Http\Runner->run(Object(Cake\Http\MiddlewareQueue), Object(Cake\Http\ServerRequest), Object(Cake\Http\Response))
#12 /home/cjackso5/public_html/webroot/index.php(37): Cake\Http\Server->run()
#13 {main}


2017-06-21 20:42:34 Warning: DebugKit not enabled. You need to either install pdo_sqlite, or define the "debug_kit" connection name.
2017-06-21 20:44:27 Warning: DebugKit not enabled. You need to either install pdo_sqlite, or define the "debug_kit" connection name.
2017-06-21 20:45:01 Warning: DebugKit not enabled. You need to either install pdo_sqlite, or define the "debug_kit" connection name.
2017-06-21 20:45:55 Warning: DebugKit not enabled. You need to either install pdo_sqlite, or define the "debug_kit" connection name.
2017-06-21 20:52:37 Warning: DebugKit not enabled. You need to either install pdo_sqlite, or define the "debug_kit" connection name.
2017-06-21 20:52:38 Warning: DebugKit not enabled. You need to either install pdo_sqlite, or define the "debug_kit" connection name.
2017-06-21 20:52:38 Error: [Cake\Routing\Exception\MissingControllerException] Controller class Img could not be found.
Exception Attributes: array (
  'class' => 'Img',
  'plugin' => false,
  'prefix' => false,
  '_ext' => false,
)
Request URL: /img/winona.png
Referer URL: http://www.sfsuse.com/~cjackso5/about/cody
Stack Trace:
#0 /home/cjackso5/public_html/vendor/cakephp/cakephp/src/Http/ControllerFactory.php(70): Cake\Http\ControllerFactory->missingController(Object(Cake\Http\ServerRequest))
#1 /home/cjackso5/public_html/vendor/cakephp/cakephp/src/Http/ActionDispatcher.php(90): Cake\Http\ControllerFactory->create(Object(Cake\Http\ServerRequest), Object(Cake\Http\Response))
#2 /home/cjackso5/public_html/vendor/cakephp/cakephp/src/Http/BaseApplication.php(78): Cake\Http\ActionDispatcher->dispatch(Object(Cake\Http\ServerRequest), Object(Cake\Http\Response))
#3 /home/cjackso5/public_html/vendor/cakephp/cakephp/src/Http/Runner.php(65): Cake\Http\BaseApplication->__invoke(Object(Cake\Http\ServerRequest), Object(Cake\Http\Response), Object(Cake\Http\Runner))
#4 /home/cjackso5/public_html/vendor/cakephp/cakephp/src/Routing/Middleware/RoutingMiddleware.php(59): Cake\Http\Runner->__invoke(Object(Cake\Http\ServerRequest), Object(Cake\Http\Response))
#5 /home/cjackso5/public_html/vendor/cakephp/cakephp/src/Http/Runner.php(65): Cake\Routing\Middleware\RoutingMiddleware->__invoke(Object(Cake\Http\ServerRequest), Object(Cake\Http\Response), Object(Cake\Http\Runner))
#6 /home/cjackso5/public_html/vendor/cakephp/cakephp/src/Routing/Middleware/AssetMiddleware.php(93): Cake\Http\Runner->__invoke(Object(Cake\Http\ServerRequest), Object(Cake\Http\Response))
#7 /home/cjackso5/public_html/vendor/cakephp/cakephp/src/Http/Runner.php(65): Cake\Routing\Middleware\AssetMiddleware->__invoke(Object(Cake\Http\ServerRequest), Object(Cake\Http\Response), Object(Cake\Http\Runner))
#8 /home/cjackso5/public_html/vendor/cakephp/cakephp/src/Error/Middleware/ErrorHandlerMiddleware.php(92): Cake\Http\Runner->__invoke(Object(Cake\Http\ServerRequest), Object(Cake\Http\Response))
#9 /home/cjackso5/public_html/vendor/cakephp/cakephp/src/Http/Runner.php(65): Cake\Error\Middleware\ErrorHandlerMiddleware->__invoke(Object(Cake\Http\ServerRequest), Object(Cake\Http\Response), Object(Cake\Http\Runner))
#10 /home/cjackso5/public_html/vendor/cakephp/cakephp/src/Http/Runner.php(51): Cake\Http\Runner->__invoke(Object(Cake\Http\ServerRequest), Object(Cake\Http\Response))
#11 /home/cjackso5/public_html/vendor/cakephp/cakephp/src/Http/Server.php(80): Cake\Http\Runner->run(Object(Cake\Http\MiddlewareQueue), Object(Cake\Http\ServerRequest), Object(Cake\Http\Response))
#12 /home/cjackso5/public_html/webroot/index.php(37): Cake\Http\Server->run()
#13 {main}


2017-06-21 20:52:48 Warning: DebugKit not enabled. You need to either install pdo_sqlite, or define the "debug_kit" connection name.
2017-06-21 20:52:49 Warning: DebugKit not enabled. You need to either install pdo_sqlite, or define the "debug_kit" connection name.
2017-06-21 20:52:49 Error: [Cake\Routing\Exception\MissingControllerException] Controller class Img could not be found.
Exception Attributes: array (
  'class' => 'Img',
  'plugin' => false,
  'prefix' => false,
  '_ext' => false,
)
Request URL: /img/winona.jpeg
Referer URL: http://www.sfsuse.com/~cjackso5/about/cody
Stack Trace:
#0 /home/cjackso5/public_html/vendor/cakephp/cakephp/src/Http/ControllerFactory.php(70): Cake\Http\ControllerFactory->missingController(Object(Cake\Http\ServerRequest))
#1 /home/cjackso5/public_html/vendor/cakephp/cakephp/src/Http/ActionDispatcher.php(90): Cake\Http\ControllerFactory->create(Object(Cake\Http\ServerRequest), Object(Cake\Http\Response))
#2 /home/cjackso5/public_html/vendor/cakephp/cakephp/src/Http/BaseApplication.php(78): Cake\Http\ActionDispatcher->dispatch(Object(Cake\Http\ServerRequest), Object(Cake\Http\Response))
#3 /home/cjackso5/public_html/vendor/cakephp/cakephp/src/Http/Runner.php(65): Cake\Http\BaseApplication->__invoke(Object(Cake\Http\ServerRequest), Object(Cake\Http\Response), Object(Cake\Http\Runner))
#4 /home/cjackso5/public_html/vendor/cakephp/cakephp/src/Routing/Middleware/RoutingMiddleware.php(59): Cake\Http\Runner->__invoke(Object(Cake\Http\ServerRequest), Object(Cake\Http\Response))
#5 /home/cjackso5/public_html/vendor/cakephp/cakephp/src/Http/Runner.php(65): Cake\Routing\Middleware\RoutingMiddleware->__invoke(Object(Cake\Http\ServerRequest), Object(Cake\Http\Response), Object(Cake\Http\Runner))
#6 /home/cjackso5/public_html/vendor/cakephp/cakephp/src/Routing/Middleware/AssetMiddleware.php(93): Cake\Http\Runner->__invoke(Object(Cake\Http\ServerRequest), Object(Cake\Http\Response))
#7 /home/cjackso5/public_html/vendor/cakephp/cakephp/src/Http/Runner.php(65): Cake\Routing\Middleware\AssetMiddleware->__invoke(Object(Cake\Http\ServerRequest), Object(Cake\Http\Response), Object(Cake\Http\Runner))
#8 /home/cjackso5/public_html/vendor/cakephp/cakephp/src/Error/Middleware/ErrorHandlerMiddleware.php(92): Cake\Http\Runner->__invoke(Object(Cake\Http\ServerRequest), Object(Cake\Http\Response))
#9 /home/cjackso5/public_html/vendor/cakephp/cakephp/src/Http/Runner.php(65): Cake\Error\Middleware\ErrorHandlerMiddleware->__invoke(Object(Cake\Http\ServerRequest), Object(Cake\Http\Response), Object(Cake\Http\Runner))
#10 /home/cjackso5/public_html/vendor/cakephp/cakephp/src/Http/Runner.php(51): Cake\Http\Runner->__invoke(Object(Cake\Http\ServerRequest), Object(Cake\Http\Response))
#11 /home/cjackso5/public_html/vendor/cakephp/cakephp/src/Http/Server.php(80): Cake\Http\Runner->run(Object(Cake\Http\MiddlewareQueue), Object(Cake\Http\ServerRequest), Object(Cake\Http\Response))
#12 /home/cjackso5/public_html/webroot/index.php(37): Cake\Http\Server->run()
#13 {main}


2017-06-21 21:03:15 Warning: DebugKit not enabled. You need to either install pdo_sqlite, or define the "debug_kit" connection name.
2017-06-21 21:03:16 Warning: DebugKit not enabled. You need to either install pdo_sqlite, or define the "debug_kit" connection name.
2017-06-21 21:03:41 Warning: DebugKit not enabled. You need to either install pdo_sqlite, or define the "debug_kit" connection name.
2017-06-21 21:03:43 Warning: DebugKit not enabled. You need to either install pdo_sqlite, or define the "debug_kit" connection name.
2017-06-21 21:03:44 Warning: DebugKit not enabled. You need to either install pdo_sqlite, or define the "debug_kit" connection name.
2017-06-21 21:03:45 Warning: DebugKit not enabled. You need to either install pdo_sqlite, or define the "debug_kit" connection name.
2017-06-21 21:04:18 Warning: DebugKit not enabled. You need to either install pdo_sqlite, or define the "debug_kit" connection name.
2017-06-21 21:04:21 Warning: DebugKit not enabled. You need to either install pdo_sqlite, or define the "debug_kit" connection name.
2017-06-21 21:07:31 Warning: DebugKit not enabled. You need to either install pdo_sqlite, or define the "debug_kit" connection name.
2017-06-21 21:07:33 Warning: DebugKit not enabled. You need to either install pdo_sqlite, or define the "debug_kit" connection name.
2017-06-21 21:08:57 Warning: DebugKit not enabled. You need to either install pdo_sqlite, or define the "debug_kit" connection name.
2017-06-21 21:10:52 Warning: DebugKit not enabled. You need to either install pdo_sqlite, or define the "debug_kit" connection name.
2017-06-21 21:11:02 Warning: DebugKit not enabled. You need to either install pdo_sqlite, or define the "debug_kit" connection name.
